#! /usr/bin/vvp
:ivl_version "11.0 (stable)" "(v11_0)";
:ivl_delay_selection "TYPICAL";
:vpi_time_precision + 0;
:vpi_module "/usr/lib/ivl/system.vpi";
:vpi_module "/usr/lib/ivl/vhdl_sys.vpi";
:vpi_module "/usr/lib/ivl/vhdl_textio.vpi";
:vpi_module "/usr/lib/ivl/v2005_math.vpi";
:vpi_module "/usr/lib/ivl/va_math.vpi";
S_0x55f3ba542da0 .scope module, "TestBench" "TestBench" 2 3;
 .timescale 0 0;
P_0x55f3ba4f7860 .param/l "num_cycles" 0 2 10, +C4<00000000000000000000000001000000>;
v0x55f3ba582390_0 .var "Clk", 0 0;
v0x55f3ba582430_0 .var "Reset", 0 0;
v0x55f3ba582540_0 .var "Start", 0 0;
v0x55f3ba5825e0_0 .var/i "counter", 31 0;
v0x55f3ba582680_0 .var/i "flush", 31 0;
v0x55f3ba5827b0_0 .var/i "i", 31 0;
v0x55f3ba582890_0 .var/i "outfile", 31 0;
v0x55f3ba582970_0 .var/i "stall", 31 0;
S_0x55f3ba539b80 .scope module, "CPU" "CPU" 2 14, 3 1 0, S_0x55f3ba542da0;
 .timescale 0 0;
    .port_info 0 /INPUT 1 "clk_i";
    .port_info 1 /INPUT 1 "rst_i";
    .port_info 2 /INPUT 1 "start_i";
v0x55f3ba57eaa0_0 .net "ALUCtrl", 3 0, v0x55f3ba53fea0_0;  1 drivers
v0x55f3ba57ebb0_0 .net "ALU_Res", 31 0, v0x55f3ba545f40_0;  1 drivers
v0x55f3ba57ecc0_0 .net "Ctrl_ALUOp", 1 0, v0x55f3ba570bc0_0;  1 drivers
v0x55f3ba57edb0_0 .net "Ctrl_ALUSrc", 0 0, v0x55f3ba570cc0_0;  1 drivers
v0x55f3ba57eea0_0 .net "Ctrl_Branch", 0 0, v0x55f3ba570d80_0;  1 drivers
v0x55f3ba57efe0_0 .net "Ctrl_MemRead", 0 0, v0x55f3ba570e80_0;  1 drivers
v0x55f3ba57f0d0_0 .net "Ctrl_MemWrite", 0 0, v0x55f3ba570f20_0;  1 drivers
v0x55f3ba57f1c0_0 .net "Ctrl_MemtoReg", 0 0, v0x55f3ba571010_0;  1 drivers
v0x55f3ba57f2b0_0 .net "Ctrl_RegWrite", 0 0, v0x55f3ba571270_0;  1 drivers
v0x55f3ba57f350_0 .net "EXMEM_ALU_Res", 31 0, v0x55f3ba578790_0;  1 drivers
v0x55f3ba57f410_0 .net "EXMEM_MemRead", 0 0, v0x55f3ba578900_0;  1 drivers
v0x55f3ba57f500_0 .net "EXMEM_MemWrite", 0 0, v0x55f3ba578c50_0;  1 drivers
v0x55f3ba57f5f0_0 .net "EXMEM_MemWrite_Data", 31 0, v0x55f3ba578b10_0;  1 drivers
v0x55f3ba57f700_0 .net "EXMEM_MemtoReg", 0 0, v0x55f3ba578e20_0;  1 drivers
v0x55f3ba57f7f0_0 .net "EXMEM_RDaddr", 4 0, v0x55f3ba578fb0_0;  1 drivers
v0x55f3ba57f8b0_0 .net "EXMEM_RegWrite", 0 0, v0x55f3ba579120_0;  1 drivers
v0x55f3ba57f950_0 .net "Equal_Res", 0 0, L_0x55f3ba592db0;  1 drivers
v0x55f3ba57fb50_0 .net "Flush", 0 0, L_0x55f3ba541db0;  1 drivers
v0x55f3ba57fbf0_0 .net "ForwardA_MUX_Res", 31 0, L_0x55f3ba595610;  1 drivers
v0x55f3ba57fd00_0 .net "ForwardB_MUX_Res", 31 0, v0x55f3ba573810_0;  1 drivers
v0x55f3ba57fdc0_0 .net "Forward_A", 1 0, L_0x55f3ba595530;  1 drivers
v0x55f3ba57fed0_0 .net "Forward_B", 1 0, L_0x55f3ba5955a0;  1 drivers
v0x55f3ba57ffe0_0 .net "IDEX_ALUOp", 1 0, v0x55f3ba579b20_0;  1 drivers
v0x55f3ba5800d0_0 .net "IDEX_ALUSrc", 0 0, v0x55f3ba579cf0_0;  1 drivers
v0x55f3ba5801c0_0 .net "IDEX_MemRead", 0 0, v0x55f3ba579eb0_0;  1 drivers
v0x55f3ba580260_0 .net "IDEX_MemWrite", 0 0, v0x55f3ba57a040_0;  1 drivers
v0x55f3ba580350_0 .net "IDEX_MemtoReg", 0 0, v0x55f3ba57a1e0_0;  1 drivers
v0x55f3ba580440_0 .net "IDEX_RDaddr", 4 0, v0x55f3ba57a350_0;  1 drivers
v0x55f3ba5804e0_0 .net "IDEX_RS1Addr", 4 0, v0x55f3ba57a490_0;  1 drivers
v0x55f3ba5805d0_0 .net "IDEX_RS1Data", 31 0, v0x55f3ba57a600_0;  1 drivers
v0x55f3ba5806c0_0 .net "IDEX_RS2Addr", 4 0, v0x55f3ba57a770_0;  1 drivers
v0x55f3ba5807b0_0 .net "IDEX_RS2Data", 31 0, v0x55f3ba57a910_0;  1 drivers
v0x55f3ba5808a0_0 .net "IDEX_RegWrite", 0 0, v0x55f3ba57aab0_0;  1 drivers
v0x55f3ba580990_0 .net "IDEX_SignExtend_Res", 31 0, v0x55f3ba57ac20_0;  1 drivers
v0x55f3ba580a80_0 .net "IDEX_funct", 9 0, v0x55f3ba57ae30_0;  1 drivers
v0x55f3ba580b70_0 .net "IFID_PC", 31 0, v0x55f3ba57baf0_0;  1 drivers
v0x55f3ba580c60_0 .net "IFID_instr", 31 0, v0x55f3ba57b9b0_0;  1 drivers
v0x55f3ba580d50_0 .net "MEMWB_ALU_Res", 31 0, v0x55f3ba57c080_0;  1 drivers
v0x55f3ba580e40_0 .net "MEMWB_MemRead_Data", 31 0, v0x55f3ba57c270_0;  1 drivers
v0x55f3ba580f50_0 .net "MEMWB_MemtoReg", 0 0, v0x55f3ba57c3e0_0;  1 drivers
v0x55f3ba581040_0 .net "MEMWB_RDaddr", 4 0, v0x55f3ba57c5a0_0;  1 drivers
v0x55f3ba581100_0 .net "MEMWB_RegWrite", 0 0, v0x55f3ba57c770_0;  1 drivers
v0x55f3ba5811a0_0 .net "MUX_ALUSrc_Res", 31 0, L_0x55f3ba593840;  1 drivers
v0x55f3ba5812b0_0 .net "MUX_MemtoReg_Res", 31 0, L_0x55f3ba593be0;  1 drivers
v0x55f3ba581370_0 .net "MUX_PC_Res", 31 0, L_0x55f3ba593f00;  1 drivers
v0x55f3ba581430_0 .net "MemRead_Res", 31 0, L_0x55f3ba5934d0;  1 drivers
v0x55f3ba581540_0 .net "NoOp", 0 0, v0x55f3ba574e90_0;  1 drivers
v0x55f3ba581630_0 .net "PCWrite", 0 0, v0x55f3ba574f80_0;  1 drivers
v0x55f3ba581720_0 .net "PC_branch", 31 0, L_0x55f3ba592b50;  1 drivers
v0x55f3ba581830_0 .net "PC_four", 31 0, L_0x55f3ba582a50;  1 drivers
v0x55f3ba581940_0 .net "PC_now", 31 0, v0x55f3ba577fc0_0;  1 drivers
v0x55f3ba581a90_0 .net "RS1Data", 31 0, L_0x55f3ba594670;  1 drivers
v0x55f3ba581b50_0 .net "RS2Data", 31 0, L_0x55f3ba594b80;  1 drivers
v0x55f3ba581c10_0 .net "ShiftLeft_Res", 31 0, L_0x55f3ba594240;  1 drivers
v0x55f3ba581cd0_0 .net "SignExtend_Res", 31 0, v0x55f3ba57e950_0;  1 drivers
v0x55f3ba581d90_0 .net "Stall", 0 0, v0x55f3ba575300_0;  1 drivers
v0x55f3ba581e80_0 .net *"_ivl_11", 2 0, L_0x55f3ba595020;  1 drivers
v0x55f3ba581f60_0 .net *"_ivl_9", 6 0, L_0x55f3ba594f80;  1 drivers
v0x55f3ba582040_0 .net "clk_i", 0 0, v0x55f3ba582390_0;  1 drivers
v0x55f3ba5820e0_0 .net "instr", 31 0, L_0x55f3ba4f3280;  1 drivers
v0x55f3ba5821f0_0 .net "rst_i", 0 0, v0x55f3ba582430_0;  1 drivers
v0x55f3ba582290_0 .net "start_i", 0 0, v0x55f3ba582540_0;  1 drivers
L_0x55f3ba594d10 .part v0x55f3ba57b9b0_0, 15, 5;
L_0x55f3ba594db0 .part v0x55f3ba57b9b0_0, 20, 5;
L_0x55f3ba594ee0 .part v0x55f3ba57b9b0_0, 0, 7;
L_0x55f3ba594f80 .part v0x55f3ba57b9b0_0, 25, 7;
L_0x55f3ba595020 .part v0x55f3ba57b9b0_0, 12, 3;
L_0x55f3ba5950c0 .concat [ 3 7 0 0], L_0x55f3ba595020, L_0x55f3ba594f80;
L_0x55f3ba5951f0 .part v0x55f3ba57b9b0_0, 7, 5;
L_0x55f3ba5953a0 .part v0x55f3ba57b9b0_0, 15, 5;
L_0x55f3ba595490 .part v0x55f3ba57b9b0_0, 20, 5;
L_0x55f3ba5956f0 .part v0x55f3ba57b9b0_0, 15, 5;
L_0x55f3ba5957f0 .part v0x55f3ba57b9b0_0, 20, 5;
S_0x55f3ba538490 .scope module, "ALU" "ALU" 3 166, 4 13 0, S_0x55f3ba539b80;
 .timescale 0 0;
    .port_info 0 /INPUT 32 "data1_i";
    .port_info 1 /INPUT 32 "data2_i";
    .port_info 2 /INPUT 4 "ALUCtrl_i";
    .port_info 3 /OUTPUT 32 "data_o";
    .port_info 4 /NODIR 0 "";
v0x55f3ba502920_0 .net "ALUCtrl_i", 3 0, v0x55f3ba53fea0_0;  alias, 1 drivers
v0x55f3ba55efe0_0 .net "data1_i", 31 0, L_0x55f3ba595610;  alias, 1 drivers
v0x55f3ba53a6e0_0 .net "data2_i", 31 0, L_0x55f3ba593840;  alias, 1 drivers
v0x55f3ba545f40_0 .var "data_o", 31 0;
E_0x55f3ba4a0f50 .event edge, v0x55f3ba502920_0, v0x55f3ba53a6e0_0, v0x55f3ba55efe0_0;
S_0x55f3ba56f560 .scope module, "ALU_Control" "ALU_Control" 3 173, 5 17 0, S_0x55f3ba539b80;
 .timescale 0 0;
    .port_info 0 /INPUT 10 "funct_i";
    .port_info 1 /INPUT 2 "ALUOp_i";
    .port_info 2 /OUTPUT 4 "ALUCtrl_o";
v0x55f3ba53fea0_0 .var "ALUCtrl_o", 3 0;
v0x55f3ba541ed0_0 .net "ALUOp_i", 1 0, v0x55f3ba579b20_0;  alias, 1 drivers
v0x55f3ba544d90_0 .net "funct_i", 9 0, v0x55f3ba57ae30_0;  alias, 1 drivers
E_0x55f3ba4865a0 .event edge, v0x55f3ba541ed0_0, v0x55f3ba544d90_0;
S_0x55f3ba56f8a0 .scope module, "Add_Branch" "Adder" 3 94, 6 1 0, S_0x55f3ba539b80;
 .timescale 0 0;
    .port_info 0 /INPUT 32 "data1_in";
    .port_info 1 /INPUT 32 "data2_in";
    .port_info 2 /OUTPUT 32 "data_o";
v0x55f3ba56fad0_0 .net "data1_in", 31 0, L_0x55f3ba594240;  alias, 1 drivers
v0x55f3ba56fbb0_0 .net "data2_in", 31 0, v0x55f3ba57baf0_0;  alias, 1 drivers
v0x55f3ba56fc90_0 .net "data_o", 31 0, L_0x55f3ba592b50;  alias, 1 drivers
L_0x55f3ba592b50 .arith/sum 32, L_0x55f3ba594240, v0x55f3ba57baf0_0;
S_0x55f3ba56fdd0 .scope module, "Add_PC" "Adder" 3 88, 6 1 0, S_0x55f3ba539b80;
 .timescale 0 0;
    .port_info 0 /INPUT 32 "data1_in";
    .port_info 1 /INPUT 32 "data2_in";
    .port_info 2 /OUTPUT 32 "data_o";
v0x55f3ba570000_0 .net "data1_in", 31 0, v0x55f3ba577fc0_0;  alias, 1 drivers
L_0x7fcd59448018 .functor BUFT 1, C4<00000000000000000000000000000100>, C4<0>, C4<0>, C4<0>;
v0x55f3ba570100_0 .net "data2_in", 31 0, L_0x7fcd59448018;  1 drivers
v0x55f3ba5701e0_0 .net "data_o", 31 0, L_0x55f3ba582a50;  alias, 1 drivers
L_0x55f3ba582a50 .arith/sum 32, v0x55f3ba577fc0_0, L_0x7fcd59448018;
S_0x55f3ba570350 .scope module, "And" "AND" 3 100, 7 1 0, S_0x55f3ba539b80;
 .timescale 0 0;
    .port_info 0 /INPUT 1 "data1_in";
    .port_info 1 /INPUT 1 "data2_in";
    .port_info 2 /OUTPUT 1 "data_o";
L_0x55f3ba541db0 .functor AND 1, v0x55f3ba570d80_0, L_0x55f3ba592db0, C4<1>, C4<1>;
v0x55f3ba5705d0_0 .net "data1_in", 0 0, v0x55f3ba570d80_0;  alias, 1 drivers
v0x55f3ba5706b0_0 .net "data2_in", 0 0, L_0x55f3ba592db0;  alias, 1 drivers
v0x55f3ba570770_0 .net "data_o", 0 0, L_0x55f3ba541db0;  alias, 1 drivers
S_0x55f3ba570890 .scope module, "Control" "Control" 3 190, 8 11 0, S_0x55f3ba539b80;
 .timescale 0 0;
    .port_info 0 /INPUT 7 "Op_i";
    .port_info 1 /INPUT 1 "NoOp_i";
    .port_info 2 /OUTPUT 1 "RegWrite_o";
    .port_info 3 /OUTPUT 1 "MemtoReg_o";
    .port_info 4 /OUTPUT 1 "MemRead_o";
    .port_info 5 /OUTPUT 1 "MemWrite_o";
    .port_info 6 /OUTPUT 2 "ALUOp_o";
    .port_info 7 /OUTPUT 1 "ALUSrc_o";
    .port_info 8 /OUTPUT 1 "Branch_o";
v0x55f3ba570bc0_0 .var "ALUOp_o", 1 0;
v0x55f3ba570cc0_0 .var "ALUSrc_o", 0 0;
v0x55f3ba570d80_0 .var "Branch_o", 0 0;
v0x55f3ba570e80_0 .var "MemRead_o", 0 0;
v0x55f3ba570f20_0 .var "MemWrite_o", 0 0;
v0x55f3ba571010_0 .var "MemtoReg_o", 0 0;
v0x55f3ba5710d0_0 .net "NoOp_i", 0 0, v0x55f3ba574e90_0;  alias, 1 drivers
v0x55f3ba571190_0 .net "Op_i", 6 0, L_0x55f3ba594ee0;  1 drivers
v0x55f3ba571270_0 .var "RegWrite_o", 0 0;
E_0x55f3ba55eac0 .event edge, v0x55f3ba5710d0_0, v0x55f3ba571190_0;
S_0x55f3ba571450 .scope module, "Data_Memory" "Data_Memory" 3 126, 9 1 0, S_0x55f3ba539b80;
 .timescale 0 0;
    .port_info 0 /INPUT 1 "clk_i";
    .port_info 1 /INPUT 32 "addr_i";
    .port_info 2 /INPUT 1 "MemRead_i";
    .port_info 3 /INPUT 1 "MemWrite_i";
    .port_info 4 /INPUT 32 "data_i";
    .port_info 5 /OUTPUT 32 "data_o";
v0x55f3ba5716c0_0 .net "MemRead_i", 0 0, v0x55f3ba578900_0;  alias, 1 drivers
v0x55f3ba5717a0_0 .net "MemWrite_i", 0 0, v0x55f3ba578c50_0;  alias, 1 drivers
v0x55f3ba571860_0 .net *"_ivl_0", 31 0, L_0x55f3ba5931b0;  1 drivers
v0x55f3ba571920_0 .net *"_ivl_2", 31 0, L_0x55f3ba593340;  1 drivers
v0x55f3ba571a00_0 .net *"_ivl_4", 29 0, L_0x55f3ba593250;  1 drivers
L_0x7fcd59448138 .functor BUFT 1, C4<00>, C4<0>, C4<0>, C4<0>;
v0x55f3ba571b30_0 .net *"_ivl_6", 1 0, L_0x7fcd59448138;  1 drivers
L_0x7fcd59448180 .functor BUFT 1, C4<00000000000000000000000000000000>, C4<0>, C4<0>, C4<0>;
v0x55f3ba571c10_0 .net/2u *"_ivl_8", 31 0, L_0x7fcd59448180;  1 drivers
v0x55f3ba571cf0_0 .net "addr_i", 31 0, v0x55f3ba578790_0;  alias, 1 drivers
v0x55f3ba571dd0_0 .net "clk_i", 0 0, v0x55f3ba582390_0;  alias, 1 drivers
v0x55f3ba571e90_0 .net "data_i", 31 0, v0x55f3ba578b10_0;  alias, 1 drivers
v0x55f3ba571f70_0 .net "data_o", 31 0, L_0x55f3ba5934d0;  alias, 1 drivers
v0x55f3ba572050 .array "memory", 1023 0, 31 0;
E_0x55f3ba55eb00 .event posedge, v0x55f3ba571dd0_0;
L_0x55f3ba5931b0 .array/port v0x55f3ba572050, L_0x55f3ba593340;
L_0x55f3ba593250 .part v0x55f3ba578790_0, 2, 30;
L_0x55f3ba593340 .concat [ 30 2 0 0], L_0x55f3ba593250, L_0x7fcd59448138;
L_0x55f3ba5934d0 .functor MUXZ 32, L_0x7fcd59448180, L_0x55f3ba5931b0, v0x55f3ba578900_0, C4<>;
S_0x55f3ba5721d0 .scope module, "Equal" "Equal" 3 106, 10 1 0, S_0x55f3ba539b80;
 .timescale 0 0;
    .port_info 0 /INPUT 32 "data1_in";
    .port_info 1 /INPUT 32 "data2_in";
    .port_info 2 /OUTPUT 1 "data_o";
v0x55f3ba5723d0_0 .net *"_ivl_0", 0 0, L_0x55f3ba592bf0;  1 drivers
L_0x7fcd59448060 .functor BUFT 1, C4<1>, C4<0>, C4<0>, C4<0>;
v0x55f3ba5724b0_0 .net/2u *"_ivl_2", 0 0, L_0x7fcd59448060;  1 drivers
L_0x7fcd594480a8 .functor BUFT 1, C4<0>, C4<0>, C4<0>, C4<0>;
v0x55f3ba572590_0 .net/2u *"_ivl_4", 0 0, L_0x7fcd594480a8;  1 drivers
v0x55f3ba572650_0 .net "data1_in", 31 0, L_0x55f3ba594670;  alias, 1 drivers
v0x55f3ba572730_0 .net "data2_in", 31 0, L_0x55f3ba594b80;  alias, 1 drivers
v0x55f3ba572860_0 .net "data_o", 0 0, L_0x55f3ba592db0;  alias, 1 drivers
L_0x55f3ba592bf0 .cmp/eq 32, L_0x55f3ba594670, L_0x55f3ba594b80;
L_0x55f3ba592db0 .functor MUXZ 1, L_0x7fcd594480a8, L_0x7fcd59448060, L_0x55f3ba592bf0, C4<>;
S_0x55f3ba572960 .scope module, "ForwardA_MUX" "MUX32_4i" 3 307, 11 1 0, S_0x55f3ba539b80;
 .timescale 0 0;
    .port_info 0 /INPUT 2 "Forward_in";
    .port_info 1 /INPUT 32 "EXRS_Data_in";
    .port_info 2 /INPUT 32 "MEM_ALU_Result_in";
    .port_info 3 /INPUT 32 "WB_WriteData_in";
    .port_info 4 /OUTPUT 32 "MUX_Res_o";
L_0x55f3ba595610 .functor BUFZ 32, v0x55f3ba572f10_0, C4<00000000000000000000000000000000>, C4<00000000000000000000000000000000>, C4<00000000000000000000000000000000>;
v0x55f3ba572c30_0 .net "EXRS_Data_in", 31 0, v0x55f3ba57a600_0;  alias, 1 drivers
v0x55f3ba572d30_0 .net "Forward_in", 1 0, L_0x55f3ba595530;  alias, 1 drivers
v0x55f3ba572e10_0 .net "MEM_ALU_Result_in", 31 0, v0x55f3ba578790_0;  alias, 1 drivers
v0x55f3ba572f10_0 .var "MUX_Res", 31 0;
v0x55f3ba572fd0_0 .net "MUX_Res_o", 31 0, L_0x55f3ba595610;  alias, 1 drivers
v0x55f3ba573090_0 .net "WB_WriteData_in", 31 0, L_0x55f3ba593be0;  alias, 1 drivers
E_0x55f3ba55d9e0 .event edge, v0x55f3ba572d30_0, v0x55f3ba572c30_0, v0x55f3ba573090_0, v0x55f3ba571cf0_0;
S_0x55f3ba573220 .scope module, "ForwardB_MUX" "MUX32_4i" 3 315, 11 1 0, S_0x55f3ba539b80;
 .timescale 0 0;
    .port_info 0 /INPUT 2 "Forward_in";
    .port_info 1 /INPUT 32 "EXRS_Data_in";
    .port_info 2 /INPUT 32 "MEM_ALU_Result_in";
    .port_info 3 /INPUT 32 "WB_WriteData_in";
    .port_info 4 /OUTPUT 32 "MUX_Res_o";
v0x55f3ba573510_0 .net "EXRS_Data_in", 31 0, v0x55f3ba57a910_0;  alias, 1 drivers
v0x55f3ba573610_0 .net "Forward_in", 1 0, L_0x55f3ba5955a0;  alias, 1 drivers
v0x55f3ba5736f0_0 .net "MEM_ALU_Result_in", 31 0, v0x55f3ba578790_0;  alias, 1 drivers
v0x55f3ba573810_0 .var "MUX_Res", 31 0;
v0x55f3ba5738f0_0 .net "MUX_Res_o", 31 0, v0x55f3ba573810_0;  alias, 1 drivers
v0x55f3ba573a20_0 .net "WB_WriteData_in", 31 0, L_0x55f3ba593be0;  alias, 1 drivers
E_0x55f3ba573480 .event edge, v0x55f3ba573610_0, v0x55f3ba573510_0, v0x55f3ba573090_0, v0x55f3ba571cf0_0;
S_0x55f3ba573b60 .scope module, "Forwarding_Unit" "Forwarding_Unit" 3 296, 12 1 0, S_0x55f3ba539b80;
 .timescale 0 0;
    .port_info 0 /INPUT 5 "EX_RS1_i";
    .port_info 1 /INPUT 5 "EX_RS2_i";
    .port_info 2 /INPUT 1 "MEM_RegWrite_i";
    .port_info 3 /INPUT 5 "MEM_Rd_i";
    .port_info 4 /INPUT 1 "WB_RegWrite_i";
    .port_info 5 /INPUT 5 "WB_Rd_i";
    .port_info 6 /OUTPUT 2 "Forward_A_o";
    .port_info 7 /OUTPUT 2 "Forward_B_o";
L_0x55f3ba595530 .functor BUFZ 2, v0x55f3ba5741c0_0, C4<00>, C4<00>, C4<00>;
L_0x55f3ba5955a0 .functor BUFZ 2, v0x55f3ba574390_0, C4<00>, C4<00>, C4<00>;
v0x55f3ba573f10_0 .net "EX_RS1_i", 4 0, v0x55f3ba57a490_0;  alias, 1 drivers
v0x55f3ba574010_0 .net "EX_RS2_i", 4 0, v0x55f3ba57a770_0;  alias, 1 drivers
v0x55f3ba5740f0_0 .net "Forward_A_o", 1 0, L_0x55f3ba595530;  alias, 1 drivers
v0x55f3ba5741c0_0 .var "Forward_A_res", 1 0;
v0x55f3ba574280_0 .net "Forward_B_o", 1 0, L_0x55f3ba5955a0;  alias, 1 drivers
v0x55f3ba574390_0 .var "Forward_B_res", 1 0;
v0x55f3ba574450_0 .net "MEM_Rd_i", 4 0, v0x55f3ba578fb0_0;  alias, 1 drivers
v0x55f3ba574530_0 .net "MEM_RegWrite_i", 0 0, v0x55f3ba579120_0;  alias, 1 drivers
v0x55f3ba5745f0_0 .net "WB_Rd_i", 4 0, v0x55f3ba57c5a0_0;  alias, 1 drivers
v0x55f3ba574760_0 .net "WB_RegWrite_i", 0 0, v0x55f3ba57c770_0;  alias, 1 drivers
v0x55f3ba574820_0 .var "flag_A", 0 0;
v0x55f3ba5748e0_0 .var "flag_B", 0 0;
E_0x55f3ba573e60/0 .event edge, v0x55f3ba574530_0, v0x55f3ba574450_0, v0x55f3ba573f10_0, v0x55f3ba574010_0;
E_0x55f3ba573e60/1 .event edge, v0x55f3ba574760_0, v0x55f3ba5745f0_0, v0x55f3ba574820_0, v0x55f3ba5748e0_0;
E_0x55f3ba573e60 .event/or E_0x55f3ba573e60/0, E_0x55f3ba573e60/1;
S_0x55f3ba574aa0 .scope module, "Hazard_Detection" "Hazard_Detection" 3 323, 13 1 0, S_0x55f3ba539b80;
 .timescale 0 0;
    .port_info 0 /INPUT 5 "RS1addr_i";
    .port_info 1 /INPUT 5 "RS2addr_i";
    .port_info 2 /INPUT 1 "MemRead_i";
    .port_info 3 /INPUT 5 "RdAddr_i";
    .port_info 4 /OUTPUT 1 "PCWrite_o";
    .port_info 5 /OUTPUT 1 "Stall_o";
    .port_info 6 /OUTPUT 1 "NoOp_o";
v0x55f3ba574db0_0 .net "MemRead_i", 0 0, v0x55f3ba579eb0_0;  alias, 1 drivers
v0x55f3ba574e90_0 .var "NoOp_o", 0 0;
v0x55f3ba574f80_0 .var "PCWrite_o", 0 0;
v0x55f3ba575050_0 .net "RS1addr_i", 4 0, L_0x55f3ba5956f0;  1 drivers
v0x55f3ba5750f0_0 .net "RS2addr_i", 4 0, L_0x55f3ba5957f0;  1 drivers
v0x55f3ba575220_0 .net "RdAddr_i", 4 0, v0x55f3ba57a350_0;  alias, 1 drivers
v0x55f3ba575300_0 .var "Stall_o", 0 0;
E_0x55f3ba574d20 .event edge, v0x55f3ba574db0_0, v0x55f3ba575220_0, v0x55f3ba575050_0, v0x55f3ba5750f0_0;
S_0x55f3ba5754e0 .scope module, "Instruction_Memory" "Instruction_Memory" 3 121, 14 1 0, S_0x55f3ba539b80;
 .timescale 0 0;
    .port_info 0 /INPUT 32 "addr_i";
    .port_info 1 /OUTPUT 32 "instr_o";
L_0x55f3ba4f3280 .functor BUFZ 32, L_0x55f3ba592ee0, C4<00000000000000000000000000000000>, C4<00000000000000000000000000000000>, C4<00000000000000000000000000000000>;
v0x55f3ba5756e0_0 .net *"_ivl_0", 31 0, L_0x55f3ba592ee0;  1 drivers
v0x55f3ba5757e0_0 .net *"_ivl_2", 31 0, L_0x55f3ba593020;  1 drivers
v0x55f3ba5758c0_0 .net *"_ivl_4", 29 0, L_0x55f3ba592f80;  1 drivers
L_0x7fcd594480f0 .functor BUFT 1, C4<00>, C4<0>, C4<0>, C4<0>;
v0x55f3ba575980_0 .net *"_ivl_6", 1 0, L_0x7fcd594480f0;  1 drivers
v0x55f3ba575a60_0 .net "addr_i", 31 0, v0x55f3ba577fc0_0;  alias, 1 drivers
v0x55f3ba575b70_0 .net "instr_o", 31 0, L_0x55f3ba4f3280;  alias, 1 drivers
v0x55f3ba575c30 .array "memory", 255 0, 31 0;
L_0x55f3ba592ee0 .array/port v0x55f3ba575c30, L_0x55f3ba593020;
L_0x55f3ba592f80 .part v0x55f3ba577fc0_0, 2, 30;
L_0x55f3ba593020 .concat [ 30 2 0 0], L_0x55f3ba592f80, L_0x7fcd594480f0;
S_0x55f3ba575d50 .scope module, "MUX_ALUSrc" "MUX32" 3 135, 15 1 0, S_0x55f3ba539b80;
 .timescale 0 0;
    .port_info 0 /INPUT 32 "data1_i";
    .port_info 1 /INPUT 32 "data2_i";
    .port_info 2 /INPUT 1 "select_i";
    .port_info 3 /OUTPUT 32 "data_o";
v0x55f3ba575f60_0 .net *"_ivl_0", 31 0, L_0x55f3ba593610;  1 drivers
L_0x7fcd594481c8 .functor BUFT 1, C4<0000000000000000000000000000000>, C4<0>, C4<0>, C4<0>;
v0x55f3ba576040_0 .net *"_ivl_3", 30 0, L_0x7fcd594481c8;  1 drivers
L_0x7fcd59448210 .functor BUFT 1, C4<00000000000000000000000000000000>, C4<0>, C4<0>, C4<0>;
v0x55f3ba576120_0 .net/2u *"_ivl_4", 31 0, L_0x7fcd59448210;  1 drivers
v0x55f3ba576210_0 .net *"_ivl_6", 0 0, L_0x55f3ba593700;  1 drivers
v0x55f3ba5762d0_0 .net "data1_i", 31 0, v0x55f3ba573810_0;  alias, 1 drivers
v0x55f3ba5763e0_0 .net "data2_i", 31 0, v0x55f3ba57ac20_0;  alias, 1 drivers
v0x55f3ba5764a0_0 .net "data_o", 31 0, L_0x55f3ba593840;  alias, 1 drivers
v0x55f3ba576590_0 .net "select_i", 0 0, v0x55f3ba579cf0_0;  alias, 1 drivers
L_0x55f3ba593610 .concat [ 1 31 0 0], v0x55f3ba579cf0_0, L_0x7fcd594481c8;
L_0x55f3ba593700 .cmp/eq 32, L_0x55f3ba593610, L_0x7fcd59448210;
L_0x55f3ba593840 .functor MUXZ 32, v0x55f3ba57ac20_0, v0x55f3ba573810_0, L_0x55f3ba593700, C4<>;
S_0x55f3ba5766e0 .scope module, "MUX_MemtoReg" "MUX32" 3 142, 15 1 0, S_0x55f3ba539b80;
 .timescale 0 0;
    .port_info 0 /INPUT 32 "data1_i";
    .port_info 1 /INPUT 32 "data2_i";
    .port_info 2 /INPUT 1 "select_i";
    .port_info 3 /OUTPUT 32 "data_o";
v0x55f3ba5768c0_0 .net *"_ivl_0", 31 0, L_0x55f3ba5939c0;  1 drivers
L_0x7fcd59448258 .functor BUFT 1, C4<0000000000000000000000000000000>, C4<0>, C4<0>, C4<0>;
v0x55f3ba5769c0_0 .net *"_ivl_3", 30 0, L_0x7fcd59448258;  1 drivers
L_0x7fcd594482a0 .functor BUFT 1, C4<00000000000000000000000000000000>, C4<0>, C4<0>, C4<0>;
v0x55f3ba576aa0_0 .net/2u *"_ivl_4", 31 0, L_0x7fcd594482a0;  1 drivers
v0x55f3ba576b90_0 .net *"_ivl_6", 0 0, L_0x55f3ba593af0;  1 drivers
v0x55f3ba576c50_0 .net "data1_i", 31 0, v0x55f3ba57c080_0;  alias, 1 drivers
v0x55f3ba576d80_0 .net "data2_i", 31 0, v0x55f3ba57c270_0;  alias, 1 drivers
v0x55f3ba576e60_0 .net "data_o", 31 0, L_0x55f3ba593be0;  alias, 1 drivers
v0x55f3ba576f70_0 .net "select_i", 0 0, v0x55f3ba57c3e0_0;  alias, 1 drivers
L_0x55f3ba5939c0 .concat [ 1 31 0 0], v0x55f3ba57c3e0_0, L_0x7fcd59448258;
L_0x55f3ba593af0 .cmp/eq 32, L_0x55f3ba5939c0, L_0x7fcd594482a0;
L_0x55f3ba593be0 .functor MUXZ 32, v0x55f3ba57c270_0, v0x55f3ba57c080_0, L_0x55f3ba593af0, C4<>;
S_0x55f3ba5770b0 .scope module, "MUX_PC" "MUX32" 3 149, 15 1 0, S_0x55f3ba539b80;
 .timescale 0 0;
    .port_info 0 /INPUT 32 "data1_i";
    .port_info 1 /INPUT 32 "data2_i";
    .port_info 2 /INPUT 1 "select_i";
    .port_info 3 /OUTPUT 32 "data_o";
v0x55f3ba577290_0 .net *"_ivl_0", 31 0, L_0x55f3ba593cd0;  1 drivers
L_0x7fcd594482e8 .functor BUFT 1, C4<0000000000000000000000000000000>, C4<0>, C4<0>, C4<0>;
v0x55f3ba577390_0 .net *"_ivl_3", 30 0, L_0x7fcd594482e8;  1 drivers
L_0x7fcd59448330 .functor BUFT 1, C4<00000000000000000000000000000000>, C4<0>, C4<0>, C4<0>;
v0x55f3ba577470_0 .net/2u *"_ivl_4", 31 0, L_0x7fcd59448330;  1 drivers
v0x55f3ba577530_0 .net *"_ivl_6", 0 0, L_0x55f3ba593dc0;  1 drivers
v0x55f3ba5775f0_0 .net "data1_i", 31 0, L_0x55f3ba582a50;  alias, 1 drivers
v0x55f3ba577700_0 .net "data2_i", 31 0, L_0x55f3ba592b50;  alias, 1 drivers
v0x55f3ba5777d0_0 .net "data_o", 31 0, L_0x55f3ba593f00;  alias, 1 drivers
v0x55f3ba577890_0 .net "select_i", 0 0, L_0x55f3ba541db0;  alias, 1 drivers
L_0x55f3ba593cd0 .concat [ 1 31 0 0], L_0x55f3ba541db0, L_0x7fcd594482e8;
L_0x55f3ba593dc0 .cmp/eq 32, L_0x55f3ba593cd0, L_0x7fcd59448330;
L_0x55f3ba593f00 .functor MUXZ 32, L_0x55f3ba592b50, L_0x55f3ba582a50, L_0x55f3ba593dc0, C4<>;
S_0x55f3ba5779f0 .scope module, "PC" "PC" 3 112, 16 1 0, S_0x55f3ba539b80;
 .timescale 0 0;
    .port_info 0 /INPUT 1 "clk_i";
    .port_info 1 /INPUT 1 "rst_i";
    .port_info 2 /INPUT 1 "start_i";
    .port_info 3 /INPUT 1 "PCWrite_i";
    .port_info 4 /INPUT 32 "pc_i";
    .port_info 5 /OUTPUT 32 "pc_o";
v0x55f3ba577d30_0 .net "PCWrite_i", 0 0, v0x55f3ba574f80_0;  alias, 1 drivers
v0x55f3ba577df0_0 .net "clk_i", 0 0, v0x55f3ba582390_0;  alias, 1 drivers
v0x55f3ba577ec0_0 .net "pc_i", 31 0, L_0x55f3ba593f00;  alias, 1 drivers
v0x55f3ba577fc0_0 .var "pc_o", 31 0;
v0x55f3ba5780b0_0 .net "rst_i", 0 0, v0x55f3ba582430_0;  alias, 1 drivers
v0x55f3ba5781a0_0 .net "start_i", 0 0, v0x55f3ba582540_0;  alias, 1 drivers
E_0x55f3ba577cb0 .event posedge, v0x55f3ba5780b0_0, v0x55f3ba571dd0_0;
S_0x55f3ba578340 .scope module, "Register_EXMEM" "Register_EXMEM" 3 253, 17 1 0, S_0x55f3ba539b80;
 .timescale 0 0;
    .port_info 0 /INPUT 1 "clk_i";
    .port_info 1 /INPUT 1 "start_i";
    .port_info 2 /INPUT 32 "ALU_Res_i";
    .port_info 3 /OUTPUT 32 "ALU_Res_o";
    .port_info 4 /INPUT 32 "MemWrite_Data_i";
    .port_info 5 /OUTPUT 32 "MemWrite_Data_o";
    .port_info 6 /INPUT 5 "RDaddr_i";
    .port_info 7 /OUTPUT 5 "RDaddr_o";
    .port_info 8 /INPUT 1 "RegWrite_i";
    .port_info 9 /INPUT 1 "MemtoReg_i";
    .port_info 10 /INPUT 1 "MemRead_i";
    .port_info 11 /INPUT 1 "MemWrite_i";
    .port_info 12 /OUTPUT 1 "RegWrite_o";
    .port_info 13 /OUTPUT 1 "MemtoReg_o";
    .port_info 14 /OUTPUT 1 "MemRead_o";
    .port_info 15 /OUTPUT 1 "MemWrite_o";
v0x55f3ba5786b0_0 .net "ALU_Res_i", 31 0, v0x55f3ba545f40_0;  alias, 1 drivers
v0x55f3ba578790_0 .var "ALU_Res_o", 31 0;
v0x55f3ba578830_0 .net "MemRead_i", 0 0, v0x55f3ba579eb0_0;  alias, 1 drivers
v0x55f3ba578900_0 .var "MemRead_o", 0 0;
v0x55f3ba5789d0_0 .net "MemWrite_Data_i", 31 0, v0x55f3ba573810_0;  alias, 1 drivers
v0x55f3ba578b10_0 .var "MemWrite_Data_o", 31 0;
v0x55f3ba578bb0_0 .net "MemWrite_i", 0 0, v0x55f3ba57a040_0;  alias, 1 drivers
v0x55f3ba578c50_0 .var "MemWrite_o", 0 0;
v0x55f3ba578cf0_0 .net "MemtoReg_i", 0 0, v0x55f3ba57a1e0_0;  alias, 1 drivers
v0x55f3ba578e20_0 .var "MemtoReg_o", 0 0;
v0x55f3ba578ec0_0 .net "RDaddr_i", 4 0, v0x55f3ba57a350_0;  alias, 1 drivers
v0x55f3ba578fb0_0 .var "RDaddr_o", 4 0;
v0x55f3ba579080_0 .net "RegWrite_i", 0 0, v0x55f3ba57aab0_0;  alias, 1 drivers
v0x55f3ba579120_0 .var "RegWrite_o", 0 0;
v0x55f3ba5791f0_0 .net "clk_i", 0 0, v0x55f3ba582390_0;  alias, 1 drivers
v0x55f3ba579290_0 .net "start_i", 0 0, v0x55f3ba582540_0;  alias, 1 drivers
S_0x55f3ba579580 .scope module, "Register_IDEX" "Register_IDEX" 3 215, 18 1 0, S_0x55f3ba539b80;
 .timescale 0 0;
    .port_info 0 /INPUT 1 "clk_i";
    .port_info 1 /INPUT 1 "start_i";
    .port_info 2 /INPUT 32 "RS1Data_i";
    .port_info 3 /INPUT 32 "RS2Data_i";
    .port_info 4 /OUTPUT 32 "RS1Data_o";
    .port_info 5 /OUTPUT 32 "RS2Data_o";
    .port_info 6 /INPUT 32 "SignExtend_Res_i";
    .port_info 7 /OUTPUT 32 "SignExtend_Res_o";
    .port_info 8 /INPUT 10 "funct_i";
    .port_info 9 /OUTPUT 10 "funct_o";
    .port_info 10 /INPUT 5 "RDaddr_i";
    .port_info 11 /OUTPUT 5 "RDaddr_o";
    .port_info 12 /INPUT 5 "RS1Addr_i";
    .port_info 13 /INPUT 5 "RS2Addr_i";
    .port_info 14 /OUTPUT 5 "RS1Addr_o";
    .port_info 15 /OUTPUT 5 "RS2Addr_o";
    .port_info 16 /INPUT 1 "RegWrite_i";
    .port_info 17 /INPUT 1 "MemtoReg_i";
    .port_info 18 /INPUT 1 "MemRead_i";
    .port_info 19 /INPUT 1 "MemWrite_i";
    .port_info 20 /INPUT 2 "ALUOp_i";
    .port_info 21 /INPUT 1 "ALUSrc_i";
    .port_info 22 /OUTPUT 1 "RegWrite_o";
    .port_info 23 /OUTPUT 1 "MemtoReg_o";
    .port_info 24 /OUTPUT 1 "MemRead_o";
    .port_info 25 /OUTPUT 1 "MemWrite_o";
    .port_info 26 /OUTPUT 2 "ALUOp_o";
    .port_info 27 /OUTPUT 1 "ALUSrc_o";
v0x55f3ba579a10_0 .net "ALUOp_i", 1 0, v0x55f3ba570bc0_0;  alias, 1 drivers
v0x55f3ba579b20_0 .var "ALUOp_o", 1 0;
v0x55f3ba579bf0_0 .net "ALUSrc_i", 0 0, v0x55f3ba570cc0_0;  alias, 1 drivers
v0x55f3ba579cf0_0 .var "ALUSrc_o", 0 0;
v0x55f3ba579dc0_0 .net "MemRead_i", 0 0, v0x55f3ba570e80_0;  alias, 1 drivers
v0x55f3ba579eb0_0 .var "MemRead_o", 0 0;
v0x55f3ba579fa0_0 .net "MemWrite_i", 0 0, v0x55f3ba570f20_0;  alias, 1 drivers
v0x55f3ba57a040_0 .var "MemWrite_o", 0 0;
v0x55f3ba57a110_0 .net "MemtoReg_i", 0 0, v0x55f3ba571010_0;  alias, 1 drivers
v0x55f3ba57a1e0_0 .var "MemtoReg_o", 0 0;
v0x55f3ba57a2b0_0 .net "RDaddr_i", 4 0, L_0x55f3ba5951f0;  1 drivers
v0x55f3ba57a350_0 .var "RDaddr_o", 4 0;
v0x55f3ba57a3f0_0 .net "RS1Addr_i", 4 0, L_0x55f3ba5953a0;  1 drivers
v0x55f3ba57a490_0 .var "RS1Addr_o", 4 0;
v0x55f3ba57a530_0 .net "RS1Data_i", 31 0, L_0x55f3ba594670;  alias, 1 drivers
v0x55f3ba57a600_0 .var "RS1Data_o", 31 0;
v0x55f3ba57a6d0_0 .net "RS2Addr_i", 4 0, L_0x55f3ba595490;  1 drivers
v0x55f3ba57a770_0 .var "RS2Addr_o", 4 0;
v0x55f3ba57a840_0 .net "RS2Data_i", 31 0, L_0x55f3ba594b80;  alias, 1 drivers
v0x55f3ba57a910_0 .var "RS2Data_o", 31 0;
v0x55f3ba57a9e0_0 .net "RegWrite_i", 0 0, v0x55f3ba571270_0;  alias, 1 drivers
v0x55f3ba57aab0_0 .var "RegWrite_o", 0 0;
v0x55f3ba57ab80_0 .net "SignExtend_Res_i", 31 0, v0x55f3ba57e950_0;  alias, 1 drivers
v0x55f3ba57ac20_0 .var "SignExtend_Res_o", 31 0;
v0x55f3ba57acf0_0 .net "clk_i", 0 0, v0x55f3ba582390_0;  alias, 1 drivers
v0x55f3ba57ad90_0 .net "funct_i", 9 0, L_0x55f3ba5950c0;  1 drivers
v0x55f3ba57ae30_0 .var "funct_o", 9 0;
v0x55f3ba57af20_0 .net "start_i", 0 0, v0x55f3ba582540_0;  alias, 1 drivers
S_0x55f3ba57b370 .scope module, "Register_IFID" "Register_IFID" 3 202, 19 1 0, S_0x55f3ba539b80;
 .timescale 0 0;
    .port_info 0 /INPUT 1 "clk_i";
    .port_info 1 /INPUT 1 "start_i";
    .port_info 2 /INPUT 32 "instr_i";
    .port_info 3 /INPUT 32 "pc_i";
    .port_info 4 /OUTPUT 32 "instr_o";
    .port_info 5 /OUTPUT 32 "pc_o";
    .port_info 6 /INPUT 1 "Stall_i";
    .port_info 7 /INPUT 1 "Flush_i";
v0x55f3ba57b670_0 .net "Flush_i", 0 0, L_0x55f3ba541db0;  alias, 1 drivers
v0x55f3ba57b780_0 .net "Stall_i", 0 0, v0x55f3ba575300_0;  alias, 1 drivers
v0x55f3ba57b840_0 .net "clk_i", 0 0, v0x55f3ba582390_0;  alias, 1 drivers
v0x55f3ba57b8e0_0 .net "instr_i", 31 0, L_0x55f3ba4f3280;  alias, 1 drivers
v0x55f3ba57b9b0_0 .var "instr_o", 31 0;
v0x55f3ba57ba50_0 .net "pc_i", 31 0, v0x55f3ba577fc0_0;  alias, 1 drivers
v0x55f3ba57baf0_0 .var "pc_o", 31 0;
v0x55f3ba57bbb0_0 .net "start_i", 0 0, v0x55f3ba582540_0;  alias, 1 drivers
S_0x55f3ba57bd80 .scope module, "Register_MEMWB" "Register_MEMWB" 3 277, 20 1 0, S_0x55f3ba539b80;
 .timescale 0 0;
    .port_info 0 /INPUT 1 "clk_i";
    .port_info 1 /INPUT 1 "start_i";
    .port_info 2 /INPUT 32 "MemAddr_i";
    .port_info 3 /INPUT 32 "MemRead_Data_i";
    .port_info 4 /INPUT 5 "RDaddr_i";
    .port_info 5 /OUTPUT 32 "MemAddr_o";
    .port_info 6 /OUTPUT 32 "MemRead_Data_o";
    .port_info 7 /OUTPUT 5 "RDaddr_o";
    .port_info 8 /INPUT 1 "RegWrite_i";
    .port_info 9 /INPUT 1 "MemtoReg_i";
    .port_info 10 /OUTPUT 1 "RegWrite_o";
    .port_info 11 /OUTPUT 1 "MemtoReg_o";
v0x55f3ba57bf10_0 .net "MemAddr_i", 31 0, v0x55f3ba578790_0;  alias, 1 drivers
v0x55f3ba57c080_0 .var "MemAddr_o", 31 0;
v0x55f3ba57c170_0 .net "MemRead_Data_i", 31 0, L_0x55f3ba5934d0;  alias, 1 drivers
v0x55f3ba57c270_0 .var "MemRead_Data_o", 31 0;
v0x55f3ba57c340_0 .net "MemtoReg_i", 0 0, v0x55f3ba578e20_0;  alias, 1 drivers
v0x55f3ba57c3e0_0 .var "MemtoReg_o", 0 0;
v0x55f3ba57c4b0_0 .net "RDaddr_i", 4 0, v0x55f3ba578fb0_0;  alias, 1 drivers
v0x55f3ba57c5a0_0 .var "RDaddr_o", 4 0;
v0x55f3ba57c640_0 .net "RegWrite_i", 0 0, v0x55f3ba579120_0;  alias, 1 drivers
v0x55f3ba57c770_0 .var "RegWrite_o", 0 0;
v0x55f3ba57c810_0 .net "clk_i", 0 0, v0x55f3ba582390_0;  alias, 1 drivers
v0x55f3ba57c8b0_0 .net "start_i", 0 0, v0x55f3ba582540_0;  alias, 1 drivers
S_0x55f3ba57cae0 .scope module, "Registers" "Registers" 3 179, 21 1 0, S_0x55f3ba539b80;
 .timescale 0 0;
    .port_info 0 /INPUT 1 "clk_i";
    .port_info 1 /INPUT 5 "RS1addr_i";
    .port_info 2 /INPUT 5 "RS2addr_i";
    .port_info 3 /INPUT 5 "RDaddr_i";
    .port_info 4 /INPUT 32 "RDdata_i";
    .port_info 5 /INPUT 1 "RegWrite_i";
    .port_info 6 /OUTPUT 32 "RS1data_o";
    .port_info 7 /OUTPUT 32 "RS2data_o";
L_0x55f3ba554fb0 .functor AND 1, L_0x55f3ba594370, v0x55f3ba57c770_0, C4<1>, C4<1>;
L_0x55f3ba594850 .functor AND 1, L_0x55f3ba5947b0, v0x55f3ba57c770_0, C4<1>, C4<1>;
v0x55f3ba57cd90_0 .net "RDaddr_i", 4 0, v0x55f3ba57c5a0_0;  alias, 1 drivers
v0x55f3ba57cec0_0 .net "RDdata_i", 31 0, L_0x55f3ba593be0;  alias, 1 drivers
v0x55f3ba57cf80_0 .net "RS1addr_i", 4 0, L_0x55f3ba594d10;  1 drivers
v0x55f3ba57d040_0 .net "RS1data_o", 31 0, L_0x55f3ba594670;  alias, 1 drivers
v0x55f3ba57d150_0 .net "RS2addr_i", 4 0, L_0x55f3ba594db0;  1 drivers
v0x55f3ba57d280_0 .net "RS2data_o", 31 0, L_0x55f3ba594b80;  alias, 1 drivers
v0x55f3ba57d390_0 .net "RegWrite_i", 0 0, v0x55f3ba57c770_0;  alias, 1 drivers
v0x55f3ba57d480_0 .net *"_ivl_0", 0 0, L_0x55f3ba594370;  1 drivers
v0x55f3ba57d540_0 .net *"_ivl_12", 0 0, L_0x55f3ba5947b0;  1 drivers
v0x55f3ba57d690_0 .net *"_ivl_15", 0 0, L_0x55f3ba594850;  1 drivers
v0x55f3ba57d750_0 .net *"_ivl_16", 31 0, L_0x55f3ba594910;  1 drivers
v0x55f3ba57d830_0 .net *"_ivl_18", 6 0, L_0x55f3ba5949f0;  1 drivers
L_0x7fcd59448408 .functor BUFT 1, C4<00>, C4<0>, C4<0>, C4<0>;
v0x55f3ba57d910_0 .net *"_ivl_21", 1 0, L_0x7fcd59448408;  1 drivers
v0x55f3ba57d9f0_0 .net *"_ivl_3", 0 0, L_0x55f3ba554fb0;  1 drivers
v0x55f3ba57dab0_0 .net *"_ivl_4", 31 0, L_0x55f3ba594530;  1 drivers
v0x55f3ba57db90_0 .net *"_ivl_6", 6 0, L_0x55f3ba5945d0;  1 drivers
L_0x7fcd594483c0 .functor BUFT 1, C4<00>, C4<0>, C4<0>, C4<0>;
v0x55f3ba57dc70_0 .net *"_ivl_9", 1 0, L_0x7fcd594483c0;  1 drivers
v0x55f3ba57de60_0 .net "clk_i", 0 0, v0x55f3ba582390_0;  alias, 1 drivers
v0x55f3ba57df00 .array/s "register", 31 0, 31 0;
L_0x55f3ba594370 .cmp/eq 5, L_0x55f3ba594d10, v0x55f3ba57c5a0_0;
L_0x55f3ba594530 .array/port v0x55f3ba57df00, L_0x55f3ba5945d0;
L_0x55f3ba5945d0 .concat [ 5 2 0 0], L_0x55f3ba594d10, L_0x7fcd594483c0;
L_0x55f3ba594670 .functor MUXZ 32, L_0x55f3ba594530, L_0x55f3ba593be0, L_0x55f3ba554fb0, C4<>;
L_0x55f3ba5947b0 .cmp/eq 5, L_0x55f3ba594db0, v0x55f3ba57c5a0_0;
L_0x55f3ba594910 .array/port v0x55f3ba57df00, L_0x55f3ba5949f0;
L_0x55f3ba5949f0 .concat [ 5 2 0 0], L_0x55f3ba594db0, L_0x7fcd59448408;
L_0x55f3ba594b80 .functor MUXZ 32, L_0x55f3ba594910, L_0x55f3ba593be0, L_0x55f3ba594850, C4<>;
S_0x55f3ba57e0c0 .scope module, "ShiftLeft" "Shift_Left" 3 161, 22 1 0, S_0x55f3ba539b80;
 .timescale 0 0;
    .port_info 0 /INPUT 32 "data_i";
    .port_info 1 /OUTPUT 32 "data_o";
v0x55f3ba57e270_0 .net *"_ivl_2", 30 0, L_0x55f3ba594110;  1 drivers
L_0x7fcd59448378 .functor BUFT 1, C4<0>, C4<0>, C4<0>, C4<0>;
v0x55f3ba57e370_0 .net *"_ivl_4", 0 0, L_0x7fcd59448378;  1 drivers
v0x55f3ba57e450_0 .net "data_i", 31 0, v0x55f3ba57e950_0;  alias, 1 drivers
v0x55f3ba57e4f0_0 .net "data_o", 31 0, L_0x55f3ba594240;  alias, 1 drivers
L_0x55f3ba594110 .part v0x55f3ba57e950_0, 0, 31;
L_0x55f3ba594240 .concat [ 1 31 0 0], L_0x7fcd59448378, L_0x55f3ba594110;
S_0x55f3ba57e5d0 .scope module, "Sign_Extend" "Sign_Extend" 3 156, 23 7 0, S_0x55f3ba539b80;
 .timescale 0 0;
    .port_info 0 /INPUT 32 "data_i";
    .port_info 1 /OUTPUT 32 "data_o";
v0x55f3ba57e870_0 .net "data_i", 31 0, v0x55f3ba57b9b0_0;  alias, 1 drivers
v0x55f3ba57e950_0 .var "data_o", 31 0;
E_0x55f3ba57e7f0 .event edge, v0x55f3ba57b9b0_0;
    .scope S_0x55f3ba5779f0;
T_0 ;
    %wait E_0x55f3ba577cb0;
    %load/vec4 v0x55f3ba5780b0_0;
    %flag_set/vec4 8;
    %jmp/0xz  T_0.0, 8;
    %pushi/vec4 0, 0, 32;
    %assign/vec4 v0x55f3ba577fc0_0, 0;
    %jmp T_0.1;
T_0.0 ;
    %load/vec4 v0x55f3ba577d30_0;
    %flag_set/vec4 8;
    %jmp/0xz  T_0.2, 8;
    %load/vec4 v0x55f3ba5781a0_0;
    %flag_set/vec4 8;
    %jmp/0xz  T_0.4, 8;
    %load/vec4 v0x55f3ba577ec0_0;
    %assign/vec4 v0x55f3ba577fc0_0, 0;
    %jmp T_0.5;
T_0.4 ;
    %load/vec4 v0x55f3ba577fc0_0;
    %assign/vec4 v0x55f3ba577fc0_0, 0;
T_0.5 ;
T_0.2 ;
T_0.1 ;
    %jmp T_0;
    .thread T_0;
    .scope S_0x55f3ba571450;
T_1 ;
    %wait E_0x55f3ba55eb00;
    %load/vec4 v0x55f3ba5717a0_0;
    %flag_set/vec4 8;
    %jmp/0xz  T_1.0, 8;
    %load/vec4 v0x55f3ba571e90_0;
    %load/vec4 v0x55f3ba571cf0_0;
    %ix/load 4, 2, 0;
    %flag_set/imm 4, 0;
    %shiftr 4;
    %ix/vec4 3;
    %ix/load 4, 0, 0; Constant delay
    %assign/vec4/a/d v0x55f3ba572050, 0, 4;
T_1.0 ;
    %jmp T_1;
    .thread T_1;
    .scope S_0x55f3ba57e5d0;
T_2 ;
    %wait E_0x55f3ba57e7f0;
    %load/vec4 v0x55f3ba57e870_0;
    %parti/s 7, 0, 2;
    %dup/vec4;
    %pushi/vec4 51, 0, 7;
    %cmp/u;
    %jmp/1 T_2.0, 6;
    %dup/vec4;
    %pushi/vec4 19, 0, 7;
    %cmp/u;
    %jmp/1 T_2.1, 6;
    %dup/vec4;
    %pushi/vec4 3, 0, 7;
    %cmp/u;
    %jmp/1 T_2.2, 6;
    %dup/vec4;
    %pushi/vec4 35, 0, 7;
    %cmp/u;
    %jmp/1 T_2.3, 6;
    %dup/vec4;
    %pushi/vec4 99, 0, 7;
    %cmp/u;
    %jmp/1 T_2.4, 6;
    %pushi/vec4 0, 0, 32;
    %store/vec4 v0x55f3ba57e950_0, 0, 32;
    %jmp T_2.6;
T_2.0 ;
    %pushi/vec4 0, 0, 32;
    %store/vec4 v0x55f3ba57e950_0, 0, 32;
    %jmp T_2.6;
T_2.1 ;
    %load/vec4 v0x55f3ba57e870_0;
    %parti/s 1, 31, 6;
    %replicate 20;
    %load/vec4 v0x55f3ba57e870_0;
    %parti/s 12, 20, 6;
    %concat/vec4; draw_concat_vec4
    %store/vec4 v0x55f3ba57e950_0, 0, 32;
    %jmp T_2.6;
T_2.2 ;
    %load/vec4 v0x55f3ba57e870_0;
    %parti/s 1, 31, 6;
    %replicate 20;
    %load/vec4 v0x55f3ba57e870_0;
    %parti/s 12, 20, 6;
    %concat/vec4; draw_concat_vec4
    %store/vec4 v0x55f3ba57e950_0, 0, 32;
    %jmp T_2.6;
T_2.3 ;
    %load/vec4 v0x55f3ba57e870_0;
    %parti/s 1, 31, 6;
    %replicate 20;
    %ix/load 4, 12, 0;
    %flag_set/imm 4, 0;
    %store/vec4 v0x55f3ba57e950_0, 4, 20;
    %load/vec4 v0x55f3ba57e870_0;
    %parti/s 7, 25, 6;
    %ix/load 4, 5, 0;
    %flag_set/imm 4, 0;
    %store/vec4 v0x55f3ba57e950_0, 4, 7;
    %load/vec4 v0x55f3ba57e870_0;
    %parti/s 5, 7, 4;
    %ix/load 4, 0, 0;
    %flag_set/imm 4, 0;
    %store/vec4 v0x55f3ba57e950_0, 4, 5;
    %jmp T_2.6;
T_2.4 ;
    %load/vec4 v0x55f3ba57e870_0;
    %parti/s 1, 31, 6;
    %replicate 21;
    %ix/load 4, 11, 0;
    %flag_set/imm 4, 0;
    %store/vec4 v0x55f3ba57e950_0, 4, 21;
    %load/vec4 v0x55f3ba57e870_0;
    %parti/s 1, 7, 4;
    %ix/load 4, 10, 0;
    %flag_set/imm 4, 0;
    %store/vec4 v0x55f3ba57e950_0, 4, 1;
    %load/vec4 v0x55f3ba57e870_0;
    %parti/s 6, 25, 6;
    %ix/load 4, 4, 0;
    %flag_set/imm 4, 0;
    %store/vec4 v0x55f3ba57e950_0, 4, 6;
    %load/vec4 v0x55f3ba57e870_0;
    %parti/s 4, 8, 5;
    %ix/load 4, 0, 0;
    %flag_set/imm 4, 0;
    %store/vec4 v0x55f3ba57e950_0, 4, 4;
    %jmp T_2.6;
T_2.6 ;
    %pop/vec4 1;
    %jmp T_2;
    .thread T_2, $push;
    .scope S_0x55f3ba538490;
T_3 ;
    %wait E_0x55f3ba4a0f50;
    %load/vec4 v0x55f3ba502920_0;
    %dup/vec4;
    %pushi/vec4 0, 0, 4;
    %cmp/u;
    %jmp/1 T_3.0, 6;
    %dup/vec4;
    %pushi/vec4 1, 0, 4;
    %cmp/u;
    %jmp/1 T_3.1, 6;
    %dup/vec4;
    %pushi/vec4 2, 0, 4;
    %cmp/u;
    %jmp/1 T_3.2, 6;
    %dup/vec4;
    %pushi/vec4 3, 0, 4;
    %cmp/u;
    %jmp/1 T_3.3, 6;
    %dup/vec4;
    %pushi/vec4 4, 0, 4;
    %cmp/u;
    %jmp/1 T_3.4, 6;
    %dup/vec4;
    %pushi/vec4 5, 0, 4;
    %cmp/u;
    %jmp/1 T_3.5, 6;
    %dup/vec4;
    %pushi/vec4 6, 0, 4;
    %cmp/u;
    %jmp/1 T_3.6, 6;
    %dup/vec4;
    %pushi/vec4 7, 0, 4;
    %cmp/u;
    %jmp/1 T_3.7, 6;
    %dup/vec4;
    %pushi/vec4 8, 0, 4;
    %cmp/u;
    %jmp/1 T_3.8, 6;
    %dup/vec4;
    %pushi/vec4 9, 0, 4;
    %cmp/u;
    %jmp/1 T_3.9, 6;
    %dup/vec4;
    %pushi/vec4 10, 0, 4;
    %cmp/u;
    %jmp/1 T_3.10, 6;
    %pushi/vec4 0, 0, 32;
    %assign/vec4 v0x55f3ba545f40_0, 0;
    %jmp T_3.12;
T_3.0 ;
    %load/vec4 v0x55f3ba55efe0_0;
    %load/vec4 v0x55f3ba53a6e0_0;
    %and;
    %assign/vec4 v0x55f3ba545f40_0, 0;
    %jmp T_3.12;
T_3.1 ;
    %load/vec4 v0x55f3ba55efe0_0;
    %load/vec4 v0x55f3ba53a6e0_0;
    %xor;
    %assign/vec4 v0x55f3ba545f40_0, 0;
    %jmp T_3.12;
T_3.2 ;
    %load/vec4 v0x55f3ba55efe0_0;
    %ix/getv 4, v0x55f3ba53a6e0_0;
    %shiftl 4;
    %assign/vec4 v0x55f3ba545f40_0, 0;
    %jmp T_3.12;
T_3.3 ;
    %load/vec4 v0x55f3ba55efe0_0;
    %load/vec4 v0x55f3ba53a6e0_0;
    %add;
    %assign/vec4 v0x55f3ba545f40_0, 0;
    %jmp T_3.12;
T_3.4 ;
    %load/vec4 v0x55f3ba55efe0_0;
    %load/vec4 v0x55f3ba53a6e0_0;
    %sub;
    %assign/vec4 v0x55f3ba545f40_0, 0;
    %jmp T_3.12;
T_3.5 ;
    %load/vec4 v0x55f3ba55efe0_0;
    %load/vec4 v0x55f3ba53a6e0_0;
    %mul;
    %assign/vec4 v0x55f3ba545f40_0, 0;
    %jmp T_3.12;
T_3.6 ;
    %load/vec4 v0x55f3ba55efe0_0;
    %load/vec4 v0x55f3ba53a6e0_0;
    %add;
    %assign/vec4 v0x55f3ba545f40_0, 0;
    %jmp T_3.12;
T_3.7 ;
    %load/vec4 v0x55f3ba55efe0_0;
    %load/vec4 v0x55f3ba53a6e0_0;
    %parti/s 5, 0, 2;
    %ix/vec4 4;
    %shiftr/s 4;
    %assign/vec4 v0x55f3ba545f40_0, 0;
    %jmp T_3.12;
T_3.8 ;
    %load/vec4 v0x55f3ba55efe0_0;
    %load/vec4 v0x55f3ba53a6e0_0;
    %add;
    %assign/vec4 v0x55f3ba545f40_0, 0;
    %jmp T_3.12;
T_3.9 ;
    %load/vec4 v0x55f3ba55efe0_0;
    %load/vec4 v0x55f3ba53a6e0_0;
    %add;
    %assign/vec4 v0x55f3ba545f40_0, 0;
    %jmp T_3.12;
T_3.10 ;
    %pushi/vec4 0, 0, 32;
    %assign/vec4 v0x55f3ba545f40_0, 0;
    %jmp T_3.12;
T_3.12 ;
    %pop/vec4 1;
    %jmp T_3;
    .thread T_3, $push;
    .scope S_0x55f3ba56f560;
T_4 ;
    %wait E_0x55f3ba4865a0;
    %load/vec4 v0x55f3ba541ed0_0;
    %dup/vec4;
    %pushi/vec4 2, 0, 2;
    %cmp/u;
    %jmp/1 T_4.0, 6;
    %dup/vec4;
    %pushi/vec4 0, 0, 2;
    %cmp/u;
    %jmp/1 T_4.1, 6;
    %dup/vec4;
    %pushi/vec4 1, 0, 2;
    %cmp/u;
    %jmp/1 T_4.2, 6;
    %dup/vec4;
    %pushi/vec4 3, 0, 2;
    %cmp/u;
    %jmp/1 T_4.3, 6;
    %jmp T_4.4;
T_4.0 ;
    %load/vec4 v0x55f3ba544d90_0;
    %dup/vec4;
    %pushi/vec4 7, 0, 10;
    %cmp/u;
    %jmp/1 T_4.5, 6;
    %dup/vec4;
    %pushi/vec4 4, 0, 10;
    %cmp/u;
    %jmp/1 T_4.6, 6;
    %dup/vec4;
    %pushi/vec4 1, 0, 10;
    %cmp/u;
    %jmp/1 T_4.7, 6;
    %dup/vec4;
    %pushi/vec4 0, 0, 10;
    %cmp/u;
    %jmp/1 T_4.8, 6;
    %dup/vec4;
    %pushi/vec4 256, 0, 10;
    %cmp/u;
    %jmp/1 T_4.9, 6;
    %dup/vec4;
    %pushi/vec4 8, 0, 10;
    %cmp/u;
    %jmp/1 T_4.10, 6;
    %pushi/vec4 0, 0, 4;
    %assign/vec4 v0x55f3ba53fea0_0, 0;
    %jmp T_4.12;
T_4.5 ;
    %pushi/vec4 0, 0, 4;
    %assign/vec4 v0x55f3ba53fea0_0, 0;
    %jmp T_4.12;
T_4.6 ;
    %pushi/vec4 1, 0, 4;
    %assign/vec4 v0x55f3ba53fea0_0, 0;
    %jmp T_4.12;
T_4.7 ;
    %pushi/vec4 2, 0, 4;
    %assign/vec4 v0x55f3ba53fea0_0, 0;
    %jmp T_4.12;
T_4.8 ;
    %pushi/vec4 3, 0, 4;
    %assign/vec4 v0x55f3ba53fea0_0, 0;
    %jmp T_4.12;
T_4.9 ;
    %pushi/vec4 4, 0, 4;
    %assign/vec4 v0x55f3ba53fea0_0, 0;
    %jmp T_4.12;
T_4.10 ;
    %pushi/vec4 5, 0, 4;
    %assign/vec4 v0x55f3ba53fea0_0, 0;
    %jmp T_4.12;
T_4.12 ;
    %pop/vec4 1;
    %jmp T_4.4;
T_4.1 ;
    %load/vec4 v0x55f3ba544d90_0;
    %parti/s 3, 0, 2;
    %dup/vec4;
    %pushi/vec4 0, 0, 3;
    %cmp/u;
    %jmp/1 T_4.13, 6;
    %dup/vec4;
    %pushi/vec4 5, 0, 3;
    %cmp/u;
    %jmp/1 T_4.14, 6;
    %dup/vec4;
    %pushi/vec4 2, 0, 3;
    %cmp/u;
    %jmp/1 T_4.15, 6;
    %pushi/vec4 0, 0, 4;
    %assign/vec4 v0x55f3ba53fea0_0, 0;
    %jmp T_4.17;
T_4.13 ;
    %pushi/vec4 6, 0, 4;
    %assign/vec4 v0x55f3ba53fea0_0, 0;
    %jmp T_4.17;
T_4.14 ;
    %pushi/vec4 7, 0, 4;
    %assign/vec4 v0x55f3ba53fea0_0, 0;
    %jmp T_4.17;
T_4.15 ;
    %pushi/vec4 8, 0, 4;
    %assign/vec4 v0x55f3ba53fea0_0, 0;
    %jmp T_4.17;
T_4.17 ;
    %pop/vec4 1;
    %jmp T_4.4;
T_4.2 ;
    %pushi/vec4 9, 0, 4;
    %assign/vec4 v0x55f3ba53fea0_0, 0;
    %jmp T_4.4;
T_4.3 ;
    %pushi/vec4 10, 0, 4;
    %assign/vec4 v0x55f3ba53fea0_0, 0;
    %jmp T_4.4;
T_4.4 ;
    %pop/vec4 1;
    %jmp T_4;
    .thread T_4, $push;
    .scope S_0x55f3ba57cae0;
T_5 ;
    %wait E_0x55f3ba55eb00;
    %load/vec4 v0x55f3ba57d390_0;
    %load/vec4 v0x55f3ba57cd90_0;
    %pad/u 32;
    %pushi/vec4 0, 0, 32;
    %cmp/ne;
    %flag_get/vec4 4;
    %and;
    %flag_set/vec4 8;
    %jmp/0xz  T_5.0, 8;
    %load/vec4 v0x55f3ba57cec0_0;
    %load/vec4 v0x55f3ba57cd90_0;
    %pad/u 7;
    %ix/vec4 3;
    %ix/load 4, 0, 0; Constant delay
    %assign/vec4/a/d v0x55f3ba57df00, 0, 4;
T_5.0 ;
    %jmp T_5;
    .thread T_5;
    .scope S_0x55f3ba570890;
T_6 ;
    %wait E_0x55f3ba55eac0;
    %load/vec4 v0x55f3ba5710d0_0;
    %flag_set/vec4 8;
    %jmp/0xz  T_6.0, 8;
    %pushi/vec4 0, 0, 1;
    %store/vec4 v0x55f3ba571270_0, 0, 1;
    %pushi/vec4 0, 0, 1;
    %store/vec4 v0x55f3ba571010_0, 0, 1;
    %pushi/vec4 0, 0, 1;
    %store/vec4 v0x55f3ba570e80_0, 0, 1;
    %pushi/vec4 0, 0, 1;
    %store/vec4 v0x55f3ba570f20_0, 0, 1;
    %pushi/vec4 2, 0, 2;
    %store/vec4 v0x55f3ba570bc0_0, 0, 2;
    %pushi/vec4 0, 0, 1;
    %store/vec4 v0x55f3ba570cc0_0, 0, 1;
    %pushi/vec4 0, 0, 1;
    %store/vec4 v0x55f3ba570d80_0, 0, 1;
    %jmp T_6.1;
T_6.0 ;
    %load/vec4 v0x55f3ba571190_0;
    %dup/vec4;
    %pushi/vec4 51, 0, 7;
    %cmp/u;
    %jmp/1 T_6.2, 6;
    %dup/vec4;
    %pushi/vec4 19, 0, 7;
    %cmp/u;
    %jmp/1 T_6.3, 6;
    %dup/vec4;
    %pushi/vec4 3, 0, 7;
    %cmp/u;
    %jmp/1 T_6.4, 6;
    %dup/vec4;
    %pushi/vec4 35, 0, 7;
    %cmp/u;
    %jmp/1 T_6.5, 6;
    %dup/vec4;
    %pushi/vec4 99, 0, 7;
    %cmp/u;
    %jmp/1 T_6.6, 6;
    %pushi/vec4 0, 0, 1;
    %store/vec4 v0x55f3ba571270_0, 0, 1;
    %pushi/vec4 0, 0, 1;
    %store/vec4 v0x55f3ba571010_0, 0, 1;
    %pushi/vec4 0, 0, 1;
    %store/vec4 v0x55f3ba570e80_0, 0, 1;
    %pushi/vec4 0, 0, 1;
    %store/vec4 v0x55f3ba570f20_0, 0, 1;
    %pushi/vec4 3, 0, 2;
    %store/vec4 v0x55f3ba570bc0_0, 0, 2;
    %pushi/vec4 0, 0, 1;
    %store/vec4 v0x55f3ba570cc0_0, 0, 1;
    %pushi/vec4 0, 0, 1;
    %store/vec4 v0x55f3ba570d80_0, 0, 1;
    %jmp T_6.8;
T_6.2 ;
    %pushi/vec4 1, 0, 1;
    %store/vec4 v0x55f3ba571270_0, 0, 1;
    %pushi/vec4 0, 0, 1;
    %store/vec4 v0x55f3ba571010_0, 0, 1;
    %pushi/vec4 0, 0, 1;
    %store/vec4 v0x55f3ba570e80_0, 0, 1;
    %pushi/vec4 0, 0, 1;
    %store/vec4 v0x55f3ba570f20_0, 0, 1;
    %pushi/vec4 2, 0, 2;
    %store/vec4 v0x55f3ba570bc0_0, 0, 2;
    %pushi/vec4 0, 0, 1;
    %store/vec4 v0x55f3ba570cc0_0, 0, 1;
    %pushi/vec4 0, 0, 1;
    %store/vec4 v0x55f3ba570d80_0, 0, 1;
    %jmp T_6.8;
T_6.3 ;
    %pushi/vec4 1, 0, 1;
    %store/vec4 v0x55f3ba571270_0, 0, 1;
    %pushi/vec4 0, 0, 1;
    %store/vec4 v0x55f3ba571010_0, 0, 1;
    %pushi/vec4 0, 0, 1;
    %store/vec4 v0x55f3ba570e80_0, 0, 1;
    %pushi/vec4 0, 0, 1;
    %store/vec4 v0x55f3ba570f20_0, 0, 1;
    %pushi/vec4 0, 0, 2;
    %store/vec4 v0x55f3ba570bc0_0, 0, 2;
    %pushi/vec4 1, 0, 1;
    %store/vec4 v0x55f3ba570cc0_0, 0, 1;
    %pushi/vec4 0, 0, 1;
    %store/vec4 v0x55f3ba570d80_0, 0, 1;
    %jmp T_6.8;
T_6.4 ;
    %pushi/vec4 1, 0, 1;
    %store/vec4 v0x55f3ba571270_0, 0, 1;
    %pushi/vec4 1, 0, 1;
    %store/vec4 v0x55f3ba571010_0, 0, 1;
    %pushi/vec4 1, 0, 1;
    %store/vec4 v0x55f3ba570e80_0, 0, 1;
    %pushi/vec4 0, 0, 1;
    %store/vec4 v0x55f3ba570f20_0, 0, 1;
    %pushi/vec4 0, 0, 2;
    %store/vec4 v0x55f3ba570bc0_0, 0, 2;
    %pushi/vec4 1, 0, 1;
    %store/vec4 v0x55f3ba570cc0_0, 0, 1;
    %pushi/vec4 0, 0, 1;
    %store/vec4 v0x55f3ba570d80_0, 0, 1;
    %jmp T_6.8;
T_6.5 ;
    %pushi/vec4 0, 0, 1;
    %store/vec4 v0x55f3ba571270_0, 0, 1;
    %pushi/vec4 0, 0, 1;
    %store/vec4 v0x55f3ba571010_0, 0, 1;
    %pushi/vec4 0, 0, 1;
    %store/vec4 v0x55f3ba570e80_0, 0, 1;
    %pushi/vec4 1, 0, 1;
    %store/vec4 v0x55f3ba570f20_0, 0, 1;
    %pushi/vec4 1, 0, 2;
    %store/vec4 v0x55f3ba570bc0_0, 0, 2;
    %pushi/vec4 1, 0, 1;
    %store/vec4 v0x55f3ba570cc0_0, 0, 1;
    %pushi/vec4 0, 0, 1;
    %store/vec4 v0x55f3ba570d80_0, 0, 1;
    %jmp T_6.8;
T_6.6 ;
    %pushi/vec4 0, 0, 1;
    %store/vec4 v0x55f3ba571270_0, 0, 1;
    %pushi/vec4 0, 0, 1;
    %store/vec4 v0x55f3ba571010_0, 0, 1;
    %pushi/vec4 0, 0, 1;
    %store/vec4 v0x55f3ba570e80_0, 0, 1;
    %pushi/vec4 0, 0, 1;
    %store/vec4 v0x55f3ba570f20_0, 0, 1;
    %pushi/vec4 3, 0, 2;
    %store/vec4 v0x55f3ba570bc0_0, 0, 2;
    %pushi/vec4 0, 0, 1;
    %store/vec4 v0x55f3ba570cc0_0, 0, 1;
    %pushi/vec4 1, 0, 1;
    %store/vec4 v0x55f3ba570d80_0, 0, 1;
    %jmp T_6.8;
T_6.8 ;
    %pop/vec4 1;
T_6.1 ;
    %jmp T_6;
    .thread T_6, $push;
    .scope S_0x55f3ba57b370;
T_7 ;
    %wait E_0x55f3ba55eb00;
    %load/vec4 v0x55f3ba57bbb0_0;
    %inv;
    %flag_set/vec4 8;
    %jmp/0xz  T_7.0, 8;
    %pushi/vec4 0, 0, 32;
    %assign/vec4 v0x55f3ba57b9b0_0, 0;
    %pushi/vec4 0, 0, 32;
    %assign/vec4 v0x55f3ba57baf0_0, 0;
    %jmp T_7.1;
T_7.0 ;
    %load/vec4 v0x55f3ba57b670_0;
    %flag_set/vec4 8;
    %jmp/0xz  T_7.2, 8;
    %pushi/vec4 0, 0, 32;
    %assign/vec4 v0x55f3ba57b9b0_0, 0;
    %pushi/vec4 0, 0, 32;
    %assign/vec4 v0x55f3ba57baf0_0, 0;
    %jmp T_7.3;
T_7.2 ;
    %load/vec4 v0x55f3ba57b780_0;
    %flag_set/vec4 8;
    %jmp/0xz  T_7.4, 8;
    %load/vec4 v0x55f3ba57b9b0_0;
    %assign/vec4 v0x55f3ba57b9b0_0, 0;
    %load/vec4 v0x55f3ba57baf0_0;
    %assign/vec4 v0x55f3ba57baf0_0, 0;
    %jmp T_7.5;
T_7.4 ;
    %load/vec4 v0x55f3ba57b8e0_0;
    %assign/vec4 v0x55f3ba57b9b0_0, 0;
    %load/vec4 v0x55f3ba57ba50_0;
    %assign/vec4 v0x55f3ba57baf0_0, 0;
T_7.5 ;
T_7.3 ;
T_7.1 ;
    %jmp T_7;
    .thread T_7;
    .scope S_0x55f3ba579580;
T_8 ;
    %wait E_0x55f3ba55eb00;
    %load/vec4 v0x55f3ba57af20_0;
    %flag_set/vec4 8;
    %jmp/0xz  T_8.0, 8;
    %load/vec4 v0x55f3ba57a530_0;
    %assign/vec4 v0x55f3ba57a600_0, 0;
    %load/vec4 v0x55f3ba57a840_0;
    %assign/vec4 v0x55f3ba57a910_0, 0;
    %load/vec4 v0x55f3ba57ab80_0;
    %assign/vec4 v0x55f3ba57ac20_0, 0;
    %load/vec4 v0x55f3ba57ad90_0;
    %assign/vec4 v0x55f3ba57ae30_0, 0;
    %load/vec4 v0x55f3ba57a2b0_0;
    %assign/vec4 v0x55f3ba57a350_0, 0;
    %load/vec4 v0x55f3ba57a3f0_0;
    %assign/vec4 v0x55f3ba57a490_0, 0;
    %load/vec4 v0x55f3ba57a6d0_0;
    %assign/vec4 v0x55f3ba57a770_0, 0;
    %load/vec4 v0x55f3ba57a9e0_0;
    %assign/vec4 v0x55f3ba57aab0_0, 0;
    %load/vec4 v0x55f3ba57a110_0;
    %assign/vec4 v0x55f3ba57a1e0_0, 0;
    %load/vec4 v0x55f3ba579dc0_0;
    %assign/vec4 v0x55f3ba579eb0_0, 0;
    %load/vec4 v0x55f3ba579fa0_0;
    %assign/vec4 v0x55f3ba57a040_0, 0;
    %load/vec4 v0x55f3ba579a10_0;
    %assign/vec4 v0x55f3ba579b20_0, 0;
    %load/vec4 v0x55f3ba579bf0_0;
    %assign/vec4 v0x55f3ba579cf0_0, 0;
    %jmp T_8.1;
T_8.0 ;
    %load/vec4 v0x55f3ba57a600_0;
    %assign/vec4 v0x55f3ba57a600_0, 0;
    %load/vec4 v0x55f3ba57a910_0;
    %assign/vec4 v0x55f3ba57a910_0, 0;
    %load/vec4 v0x55f3ba57ac20_0;
    %assign/vec4 v0x55f3ba57ac20_0, 0;
    %load/vec4 v0x55f3ba57ae30_0;
    %assign/vec4 v0x55f3ba57ae30_0, 0;
    %load/vec4 v0x55f3ba57a350_0;
    %assign/vec4 v0x55f3ba57a350_0, 0;
    %load/vec4 v0x55f3ba57a490_0;
    %assign/vec4 v0x55f3ba57a490_0, 0;
    %load/vec4 v0x55f3ba57a770_0;
    %assign/vec4 v0x55f3ba57a770_0, 0;
    %load/vec4 v0x55f3ba57aab0_0;
    %assign/vec4 v0x55f3ba57aab0_0, 0;
    %load/vec4 v0x55f3ba57a1e0_0;
    %assign/vec4 v0x55f3ba57a1e0_0, 0;
    %load/vec4 v0x55f3ba579eb0_0;
    %assign/vec4 v0x55f3ba579eb0_0, 0;
    %load/vec4 v0x55f3ba57a040_0;
    %assign/vec4 v0x55f3ba57a040_0, 0;
    %load/vec4 v0x55f3ba579b20_0;
    %assign/vec4 v0x55f3ba579b20_0, 0;
    %load/vec4 v0x55f3ba579cf0_0;
    %assign/vec4 v0x55f3ba579cf0_0, 0;
T_8.1 ;
    %jmp T_8;
    .thread T_8;
    .scope S_0x55f3ba578340;
T_9 ;
    %wait E_0x55f3ba55eb00;
    %load/vec4 v0x55f3ba579290_0;
    %flag_set/vec4 8;
    %jmp/0xz  T_9.0, 8;
    %load/vec4 v0x55f3ba5786b0_0;
    %assign/vec4 v0x55f3ba578790_0, 0;
    %load/vec4 v0x55f3ba5789d0_0;
    %assign/vec4 v0x55f3ba578b10_0, 0;
    %load/vec4 v0x55f3ba578ec0_0;
    %assign/vec4 v0x55f3ba578fb0_0, 0;
    %load/vec4 v0x55f3ba579080_0;
    %assign/vec4 v0x55f3ba579120_0, 0;
    %load/vec4 v0x55f3ba578cf0_0;
    %assign/vec4 v0x55f3ba578e20_0, 0;
    %load/vec4 v0x55f3ba578830_0;
    %assign/vec4 v0x55f3ba578900_0, 0;
    %load/vec4 v0x55f3ba578bb0_0;
    %assign/vec4 v0x55f3ba578c50_0, 0;
    %jmp T_9.1;
T_9.0 ;
    %load/vec4 v0x55f3ba578790_0;
    %assign/vec4 v0x55f3ba578790_0, 0;
    %load/vec4 v0x55f3ba578b10_0;
    %assign/vec4 v0x55f3ba578b10_0, 0;
    %load/vec4 v0x55f3ba578fb0_0;
    %assign/vec4 v0x55f3ba578fb0_0, 0;
    %load/vec4 v0x55f3ba579120_0;
    %assign/vec4 v0x55f3ba579120_0, 0;
    %load/vec4 v0x55f3ba578e20_0;
    %assign/vec4 v0x55f3ba578e20_0, 0;
    %load/vec4 v0x55f3ba578900_0;
    %assign/vec4 v0x55f3ba578900_0, 0;
    %load/vec4 v0x55f3ba578c50_0;
    %assign/vec4 v0x55f3ba578c50_0, 0;
T_9.1 ;
    %jmp T_9;
    .thread T_9;
    .scope S_0x55f3ba57bd80;
T_10 ;
    %wait E_0x55f3ba55eb00;
    %load/vec4 v0x55f3ba57c8b0_0;
    %flag_set/vec4 8;
    %jmp/0xz  T_10.0, 8;
    %load/vec4 v0x55f3ba57bf10_0;
    %assign/vec4 v0x55f3ba57c080_0, 0;
    %load/vec4 v0x55f3ba57c170_0;
    %assign/vec4 v0x55f3ba57c270_0, 0;
    %load/vec4 v0x55f3ba57c4b0_0;
    %assign/vec4 v0x55f3ba57c5a0_0, 0;
    %load/vec4 v0x55f3ba57c640_0;
    %assign/vec4 v0x55f3ba57c770_0, 0;
    %load/vec4 v0x55f3ba57c340_0;
    %assign/vec4 v0x55f3ba57c3e0_0, 0;
    %jmp T_10.1;
T_10.0 ;
    %load/vec4 v0x55f3ba57c080_0;
    %assign/vec4 v0x55f3ba57c080_0, 0;
    %load/vec4 v0x55f3ba57c270_0;
    %assign/vec4 v0x55f3ba57c270_0, 0;
    %load/vec4 v0x55f3ba57c5a0_0;
    %assign/vec4 v0x55f3ba57c5a0_0, 0;
    %load/vec4 v0x55f3ba57c770_0;
    %assign/vec4 v0x55f3ba57c770_0, 0;
    %load/vec4 v0x55f3ba57c3e0_0;
    %assign/vec4 v0x55f3ba57c3e0_0, 0;
T_10.1 ;
    %jmp T_10;
    .thread T_10;
    .scope S_0x55f3ba573b60;
T_11 ;
    %wait E_0x55f3ba573e60;
    %pushi/vec4 0, 0, 2;
    %store/vec4 v0x55f3ba5741c0_0, 0, 2;
    %pushi/vec4 0, 0, 2;
    %store/vec4 v0x55f3ba574390_0, 0, 2;
    %pushi/vec4 0, 0, 1;
    %store/vec4 v0x55f3ba574820_0, 0, 1;
    %pushi/vec4 0, 0, 1;
    %store/vec4 v0x55f3ba5748e0_0, 0, 1;
    %load/vec4 v0x55f3ba574530_0;
    %load/vec4 v0x55f3ba574450_0;
    %pad/u 32;
    %pushi/vec4 0, 0, 32;
    %cmp/ne;
    %flag_get/vec4 4;
    %and;
    %load/vec4 v0x55f3ba573f10_0;
    %load/vec4 v0x55f3ba574450_0;
    %cmp/e;
    %flag_get/vec4 4;
    %and;
    %flag_set/vec4 8;
    %jmp/0xz  T_11.0, 8;
    %pushi/vec4 2, 0, 2;
    %store/vec4 v0x55f3ba5741c0_0, 0, 2;
    %pushi/vec4 1, 0, 1;
    %store/vec4 v0x55f3ba574820_0, 0, 1;
T_11.0 ;
    %load/vec4 v0x55f3ba574530_0;
    %load/vec4 v0x55f3ba574450_0;
    %pad/u 32;
    %pushi/vec4 0, 0, 32;
    %cmp/ne;
    %flag_get/vec4 4;
    %and;
    %load/vec4 v0x55f3ba574010_0;
    %load/vec4 v0x55f3ba574450_0;
    %cmp/e;
    %flag_get/vec4 4;
    %and;
    %flag_set/vec4 8;
    %jmp/0xz  T_11.2, 8;
    %pushi/vec4 2, 0, 2;
    %store/vec4 v0x55f3ba574390_0, 0, 2;
    %pushi/vec4 1, 0, 1;
    %store/vec4 v0x55f3ba5748e0_0, 0, 1;
T_11.2 ;
    %load/vec4 v0x55f3ba574760_0;
    %load/vec4 v0x55f3ba5745f0_0;
    %pad/u 32;
    %pushi/vec4 0, 0, 32;
    %cmp/ne;
    %flag_get/vec4 4;
    %and;
    %load/vec4 v0x55f3ba574820_0;
    %pad/u 32;
    %pushi/vec4 0, 0, 32;
    %cmp/e;
    %flag_get/vec4 4;
    %and;
    %load/vec4 v0x55f3ba573f10_0;
    %load/vec4 v0x55f3ba5745f0_0;
    %cmp/e;
    %flag_get/vec4 4;
    %and;
    %flag_set/vec4 8;
    %jmp/0xz  T_11.4, 8;
    %pushi/vec4 1, 0, 2;
    %store/vec4 v0x55f3ba5741c0_0, 0, 2;
T_11.4 ;
    %load/vec4 v0x55f3ba574760_0;
    %load/vec4 v0x55f3ba5745f0_0;
    %pad/u 32;
    %pushi/vec4 0, 0, 32;
    %cmp/ne;
    %flag_get/vec4 4;
    %and;
    %load/vec4 v0x55f3ba5748e0_0;
    %pad/u 32;
    %pushi/vec4 0, 0, 32;
    %cmp/e;
    %flag_get/vec4 4;
    %and;
    %load/vec4 v0x55f3ba574010_0;
    %load/vec4 v0x55f3ba5745f0_0;
    %cmp/e;
    %flag_get/vec4 4;
    %and;
    %flag_set/vec4 8;
    %jmp/0xz  T_11.6, 8;
    %pushi/vec4 1, 0, 2;
    %store/vec4 v0x55f3ba574390_0, 0, 2;
T_11.6 ;
    %jmp T_11;
    .thread T_11, $push;
    .scope S_0x55f3ba572960;
T_12 ;
    %wait E_0x55f3ba55d9e0;
    %load/vec4 v0x55f3ba572d30_0;
    %dup/vec4;
    %pushi/vec4 0, 0, 2;
    %cmp/u;
    %jmp/1 T_12.0, 6;
    %dup/vec4;
    %pushi/vec4 1, 0, 2;
    %cmp/u;
    %jmp/1 T_12.1, 6;
    %dup/vec4;
    %pushi/vec4 2, 0, 2;
    %cmp/u;
    %jmp/1 T_12.2, 6;
    %load/vec4 v0x55f3ba572c30_0;
    %store/vec4 v0x55f3ba572f10_0, 0, 32;
    %jmp T_12.4;
T_12.0 ;
    %load/vec4 v0x55f3ba572c30_0;
    %store/vec4 v0x55f3ba572f10_0, 0, 32;
    %jmp T_12.4;
T_12.1 ;
    %load/vec4 v0x55f3ba573090_0;
    %store/vec4 v0x55f3ba572f10_0, 0, 32;
    %jmp T_12.4;
T_12.2 ;
    %load/vec4 v0x55f3ba572e10_0;
    %store/vec4 v0x55f3ba572f10_0, 0, 32;
    %jmp T_12.4;
T_12.4 ;
    %pop/vec4 1;
    %jmp T_12;
    .thread T_12, $push;
    .scope S_0x55f3ba573220;
T_13 ;
    %wait E_0x55f3ba573480;
    %load/vec4 v0x55f3ba573610_0;
    %dup/vec4;
    %pushi/vec4 0, 0, 2;
    %cmp/u;
    %jmp/1 T_13.0, 6;
    %dup/vec4;
    %pushi/vec4 1, 0, 2;
    %cmp/u;
    %jmp/1 T_13.1, 6;
    %dup/vec4;
    %pushi/vec4 2, 0, 2;
    %cmp/u;
    %jmp/1 T_13.2, 6;
    %load/vec4 v0x55f3ba573510_0;
    %store/vec4 v0x55f3ba573810_0, 0, 32;
    %jmp T_13.4;
T_13.0 ;
    %load/vec4 v0x55f3ba573510_0;
    %store/vec4 v0x55f3ba573810_0, 0, 32;
    %jmp T_13.4;
T_13.1 ;
    %load/vec4 v0x55f3ba573a20_0;
    %store/vec4 v0x55f3ba573810_0, 0, 32;
    %jmp T_13.4;
T_13.2 ;
    %load/vec4 v0x55f3ba5736f0_0;
    %store/vec4 v0x55f3ba573810_0, 0, 32;
    %jmp T_13.4;
T_13.4 ;
    %pop/vec4 1;
    %jmp T_13;
    .thread T_13, $push;
    .scope S_0x55f3ba574aa0;
T_14 ;
    %wait E_0x55f3ba574d20;
    %load/vec4 v0x55f3ba574db0_0;
    %flag_set/vec4 8;
    %jmp/0xz  T_14.0, 8;
    %load/vec4 v0x55f3ba575220_0;
    %load/vec4 v0x55f3ba575050_0;
    %cmp/e;
    %jmp/0xz  T_14.2, 4;
    %pushi/vec4 0, 0, 1;
    %assign/vec4 v0x55f3ba574f80_0, 0;
    %pushi/vec4 1, 0, 1;
    %assign/vec4 v0x55f3ba575300_0, 0;
    %pushi/vec4 1, 0, 1;
    %assign/vec4 v0x55f3ba574e90_0, 0;
    %jmp T_14.3;
T_14.2 ;
    %load/vec4 v0x55f3ba575220_0;
    %load/vec4 v0x55f3ba5750f0_0;
    %cmp/e;
    %jmp/0xz  T_14.4, 4;
    %pushi/vec4 0, 0, 1;
    %assign/vec4 v0x55f3ba574f80_0, 0;
    %pushi/vec4 1, 0, 1;
    %assign/vec4 v0x55f3ba575300_0, 0;
    %pushi/vec4 1, 0, 1;
    %assign/vec4 v0x55f3ba574e90_0, 0;
    %jmp T_14.5;
T_14.4 ;
    %pushi/vec4 1, 0, 1;
    %assign/vec4 v0x55f3ba574f80_0, 0;
    %pushi/vec4 0, 0, 1;
    %assign/vec4 v0x55f3ba575300_0, 0;
    %pushi/vec4 0, 0, 1;
    %assign/vec4 v0x55f3ba574e90_0, 0;
T_14.5 ;
T_14.3 ;
    %jmp T_14.1;
T_14.0 ;
    %pushi/vec4 1, 0, 1;
    %assign/vec4 v0x55f3ba574f80_0, 0;
    %pushi/vec4 0, 0, 1;
    %assign/vec4 v0x55f3ba575300_0, 0;
    %pushi/vec4 0, 0, 1;
    %assign/vec4 v0x55f3ba574e90_0, 0;
T_14.1 ;
    %jmp T_14;
    .thread T_14, $push;
    .scope S_0x55f3ba542da0;
T_15 ;
    %delay 25, 0;
    %load/vec4 v0x55f3ba582390_0;
    %inv;
    %store/vec4 v0x55f3ba582390_0, 0, 1;
    %jmp T_15;
    .thread T_15;
    .scope S_0x55f3ba542da0;
T_16 ;
    %vpi_call 2 21 "$dumpfile", "CPU.vcd" {0 0 0};
    %vpi_call 2 22 "$dumpvars" {0 0 0};
    %pushi/vec4 0, 0, 32;
    %store/vec4 v0x55f3ba5825e0_0, 0, 32;
    %pushi/vec4 0, 0, 32;
    %store/vec4 v0x55f3ba582970_0, 0, 32;
    %pushi/vec4 0, 0, 32;
    %store/vec4 v0x55f3ba582680_0, 0, 32;
    %pushi/vec4 0, 0, 32;
    %store/vec4 v0x55f3ba5827b0_0, 0, 32;
T_16.0 ;
    %load/vec4 v0x55f3ba5827b0_0;
    %cmpi/s 256, 0, 32;
    %jmp/0xz T_16.1, 5;
    %pushi/vec4 0, 0, 32;
    %ix/getv/s 4, v0x55f3ba5827b0_0;
    %store/vec4a v0x55f3ba575c30, 4, 0;
    %load/vec4 v0x55f3ba5827b0_0;
    %addi 1, 0, 32;
    %store/vec4 v0x55f3ba5827b0_0, 0, 32;
    %jmp T_16.0;
T_16.1 ;
    %pushi/vec4 0, 0, 32;
    %store/vec4 v0x55f3ba5827b0_0, 0, 32;
T_16.2 ;
    %load/vec4 v0x55f3ba5827b0_0;
    %cmpi/s 32, 0, 32;
    %jmp/0xz T_16.3, 5;
    %pushi/vec4 0, 0, 32;
    %ix/getv/s 4, v0x55f3ba5827b0_0;
    %store/vec4a v0x55f3ba572050, 4, 0;
    %load/vec4 v0x55f3ba5827b0_0;
    %addi 1, 0, 32;
    %store/vec4 v0x55f3ba5827b0_0, 0, 32;
    %jmp T_16.2;
T_16.3 ;
    %pushi/vec4 5, 0, 32;
    %ix/load 4, 0, 0;
    %flag_set/imm 4, 0;
    %store/vec4a v0x55f3ba572050, 4, 0;
    %pushi/vec4 6, 0, 32;
    %ix/load 4, 1, 0;
    %flag_set/imm 4, 0;
    %store/vec4a v0x55f3ba572050, 4, 0;
    %pushi/vec4 10, 0, 32;
    %ix/load 4, 2, 0;
    %flag_set/imm 4, 0;
    %store/vec4a v0x55f3ba572050, 4, 0;
    %pushi/vec4 18, 0, 32;
    %ix/load 4, 3, 0;
    %flag_set/imm 4, 0;
    %store/vec4a v0x55f3ba572050, 4, 0;
    %pushi/vec4 29, 0, 32;
    %ix/load 4, 4, 0;
    %flag_set/imm 4, 0;
    %store/vec4a v0x55f3ba572050, 4, 0;
    %pushi/vec4 0, 0, 32;
    %store/vec4 v0x55f3ba5827b0_0, 0, 32;
T_16.4 ;
    %load/vec4 v0x55f3ba5827b0_0;
    %cmpi/s 32, 0, 32;
    %jmp/0xz T_16.5, 5;
    %pushi/vec4 0, 0, 32;
    %ix/getv/s 4, v0x55f3ba5827b0_0;
    %store/vec4a v0x55f3ba57df00, 4, 0;
    %load/vec4 v0x55f3ba5827b0_0;
    %addi 1, 0, 32;
    %store/vec4 v0x55f3ba5827b0_0, 0, 32;
    %jmp T_16.4;
T_16.5 ;
    %pushi/vec4 4294967272, 0, 32;
    %ix/load 4, 24, 0;
    %flag_set/imm 4, 0;
    %store/vec4a v0x55f3ba57df00, 4, 0;
    %pushi/vec4 4294967271, 0, 32;
    %ix/load 4, 25, 0;
    %flag_set/imm 4, 0;
    %store/vec4a v0x55f3ba57df00, 4, 0;
    %pushi/vec4 4294967270, 0, 32;
    %ix/load 4, 26, 0;
    %flag_set/imm 4, 0;
    %store/vec4a v0x55f3ba57df00, 4, 0;
    %pushi/vec4 4294967269, 0, 32;
    %ix/load 4, 27, 0;
    %flag_set/imm 4, 0;
    %store/vec4a v0x55f3ba57df00, 4, 0;
    %pushi/vec4 56, 0, 32;
    %ix/load 4, 28, 0;
    %flag_set/imm 4, 0;
    %store/vec4a v0x55f3ba57df00, 4, 0;
    %pushi/vec4 58, 0, 32;
    %ix/load 4, 29, 0;
    %flag_set/imm 4, 0;
    %store/vec4a v0x55f3ba57df00, 4, 0;
    %pushi/vec4 60, 0, 32;
    %ix/load 4, 30, 0;
    %flag_set/imm 4, 0;
    %store/vec4a v0x55f3ba57df00, 4, 0;
    %pushi/vec4 62, 0, 32;
    %ix/load 4, 31, 0;
    %flag_set/imm 4, 0;
    %store/vec4a v0x55f3ba57df00, 4, 0;
    %pushi/vec4 0, 0, 32;
    %store/vec4 v0x55f3ba57b9b0_0, 0, 32;
    %pushi/vec4 0, 0, 32;
    %store/vec4 v0x55f3ba57a600_0, 0, 32;
    %pushi/vec4 0, 0, 32;
    %store/vec4 v0x55f3ba57a910_0, 0, 32;
    %pushi/vec4 0, 0, 32;
    %store/vec4 v0x55f3ba57ac20_0, 0, 32;
    %pushi/vec4 0, 0, 10;
    %store/vec4 v0x55f3ba57ae30_0, 0, 10;
    %pushi/vec4 0, 0, 5;
    %store/vec4 v0x55f3ba57a350_0, 0, 5;
    %pushi/vec4 0, 0, 1;
    %store/vec4 v0x55f3ba57aab0_0, 0, 1;
    %pushi/vec4 0, 0, 1;
    %store/vec4 v0x55f3ba57a1e0_0, 0, 1;
    %pushi/vec4 0, 0, 1;
    %store/vec4 v0x55f3ba579eb0_0, 0, 1;
    %pushi/vec4 0, 0, 1;
    %store/vec4 v0x55f3ba57a040_0, 0, 1;
    %pushi/vec4 0, 0, 2;
    %store/vec4 v0x55f3ba579b20_0, 0, 2;
    %pushi/vec4 0, 0, 1;
    %store/vec4 v0x55f3ba579cf0_0, 0, 1;
    %pushi/vec4 0, 0, 32;
    %store/vec4 v0x55f3ba578790_0, 0, 32;
    %pushi/vec4 0, 0, 32;
    %store/vec4 v0x55f3ba578b10_0, 0, 32;
    %pushi/vec4 0, 0, 5;
    %store/vec4 v0x55f3ba578fb0_0, 0, 5;
    %pushi/vec4 0, 0, 1;
    %store/vec4 v0x55f3ba579120_0, 0, 1;
    %pushi/vec4 0, 0, 1;
    %store/vec4 v0x55f3ba578e20_0, 0, 1;
    %pushi/vec4 0, 0, 1;
    %store/vec4 v0x55f3ba578900_0, 0, 1;
    %pushi/vec4 0, 0, 1;
    %store/vec4 v0x55f3ba578c50_0, 0, 1;
    %pushi/vec4 0, 0, 32;
    %store/vec4 v0x55f3ba57c080_0, 0, 32;
    %pushi/vec4 0, 0, 32;
    %store/vec4 v0x55f3ba57c270_0, 0, 32;
    %pushi/vec4 0, 0, 5;
    %store/vec4 v0x55f3ba57c5a0_0, 0, 5;
    %pushi/vec4 0, 0, 1;
    %store/vec4 v0x55f3ba57c770_0, 0, 1;
    %pushi/vec4 0, 0, 1;
    %store/vec4 v0x55f3ba57c3e0_0, 0, 1;
    %vpi_call 2 85 "$readmemb", "instruction_1.txt", v0x55f3ba575c30 {0 0 0};
    %vpi_func 2 89 "$fopen" 32, "output.txt" {0 0 0};
    %pushi/vec4 1, 0, 32;
    %or;
    %store/vec4 v0x55f3ba582890_0, 0, 32;
    %pushi/vec4 1, 0, 1;
    %store/vec4 v0x55f3ba582390_0, 0, 1;
    %pushi/vec4 1, 0, 1;
    %store/vec4 v0x55f3ba582430_0, 0, 1;
    %pushi/vec4 0, 0, 1;
    %store/vec4 v0x55f3ba582540_0, 0, 1;
    %delay 12, 0;
    %pushi/vec4 0, 0, 1;
    %store/vec4 v0x55f3ba582430_0, 0, 1;
    %pushi/vec4 1, 0, 1;
    %store/vec4 v0x55f3ba582540_0, 0, 1;
    %end;
    .thread T_16;
    .scope S_0x55f3ba542da0;
T_17 ;
    %wait E_0x55f3ba55eb00;
    %load/vec4 v0x55f3ba5825e0_0;
    %cmpi/e 64, 0, 32;
    %jmp/0xz  T_17.0, 4;
    %vpi_call 2 104 "$finish" {0 0 0};
T_17.0 ;
    %load/vec4 v0x55f3ba575300_0;
    %pad/u 32;
    %pushi/vec4 1, 0, 32;
    %cmp/e;
    %flag_get/vec4 4;
    %load/vec4 v0x55f3ba570d80_0;
    %pad/u 32;
    %pushi/vec4 0, 0, 32;
    %cmp/e;
    %flag_get/vec4 4;
    %and;
    %flag_set/vec4 8;
    %jmp/0xz  T_17.2, 8;
    %load/vec4 v0x55f3ba582970_0;
    %addi 1, 0, 32;
    %store/vec4 v0x55f3ba582970_0, 0, 32;
T_17.2 ;
    %load/vec4 v0x55f3ba57fb50_0;
    %pad/u 32;
    %cmpi/e 1, 0, 32;
    %jmp/0xz  T_17.4, 4;
    %load/vec4 v0x55f3ba582680_0;
    %addi 1, 0, 32;
    %store/vec4 v0x55f3ba582680_0, 0, 32;
T_17.4 ;
    %vpi_call 2 112 "$fdisplay", v0x55f3ba582890_0, "cycle = %d, Start = %0d, Stall = %0d, Flush = %0d\012PC = %d", v0x55f3ba5825e0_0, v0x55f3ba582540_0, v0x55f3ba582970_0, v0x55f3ba582680_0, v0x55f3ba577fc0_0 {0 0 0};
    %vpi_call 2 116 "$fdisplay", v0x55f3ba582890_0, "Registers" {0 0 0};
    %vpi_call 2 117 "$fdisplay", v0x55f3ba582890_0, "x0 = %d, x8  = %d, x16 = %d, x24 = %d", &A<v0x55f3ba57df00, 0>, &A<v0x55f3ba57df00, 8>, &A<v0x55f3ba57df00, 16>, &A<v0x55f3ba57df00, 24> {0 0 0};
    %vpi_call 2 118 "$fdisplay", v0x55f3ba582890_0, "x1 = %d, x9  = %d, x17 = %d, x25 = %d", &A<v0x55f3ba57df00, 1>, &A<v0x55f3ba57df00, 9>, &A<v0x55f3ba57df00, 17>, &A<v0x55f3ba57df00, 25> {0 0 0};
    %vpi_call 2 119 "$fdisplay", v0x55f3ba582890_0, "x2 = %d, x10 = %d, x18 = %d, x26 = %d", &A<v0x55f3ba57df00, 2>, &A<v0x55f3ba57df00, 10>, &A<v0x55f3ba57df00, 18>, &A<v0x55f3ba57df00, 26> {0 0 0};
    %vpi_call 2 120 "$fdisplay", v0x55f3ba582890_0, "x3 = %d, x11 = %d, x19 = %d, x27 = %d", &A<v0x55f3ba57df00, 3>, &A<v0x55f3ba57df00, 11>, &A<v0x55f3ba57df00, 19>, &A<v0x55f3ba57df00, 27> {0 0 0};
    %vpi_call 2 121 "$fdisplay", v0x55f3ba582890_0, "x4 = %d, x12 = %d, x20 = %d, x28 = %d", &A<v0x55f3ba57df00, 4>, &A<v0x55f3ba57df00, 12>, &A<v0x55f3ba57df00, 20>, &A<v0x55f3ba57df00, 28> {0 0 0};
    %vpi_call 2 122 "$fdisplay", v0x55f3ba582890_0, "x5 = %d, x13 = %d, x21 = %d, x29 = %d", &A<v0x55f3ba57df00, 5>, &A<v0x55f3ba57df00, 13>, &A<v0x55f3ba57df00, 21>, &A<v0x55f3ba57df00, 29> {0 0 0};
    %vpi_call 2 123 "$fdisplay", v0x55f3ba582890_0, "x6 = %d, x14 = %d, x22 = %d, x30 = %d", &A<v0x55f3ba57df00, 6>, &A<v0x55f3ba57df00, 14>, &A<v0x55f3ba57df00, 22>, &A<v0x55f3ba57df00, 30> {0 0 0};
    %vpi_call 2 124 "$fdisplay", v0x55f3ba582890_0, "x7 = %d, x15 = %d, x23 = %d, x31 = %d", &A<v0x55f3ba57df00, 7>, &A<v0x55f3ba57df00, 15>, &A<v0x55f3ba57df00, 23>, &A<v0x55f3ba57df00, 31> {0 0 0};
    %vpi_call 2 128 "$fdisplay", v0x55f3ba582890_0, "Data Memory: 0x00 = %10d", &A<v0x55f3ba572050, 0> {0 0 0};
    %vpi_call 2 129 "$fdisplay", v0x55f3ba582890_0, "Data Memory: 0x04 = %10d", &A<v0x55f3ba572050, 1> {0 0 0};
    %vpi_call 2 130 "$fdisplay", v0x55f3ba582890_0, "Data Memory: 0x08 = %10d", &A<v0x55f3ba572050, 2> {0 0 0};
    %vpi_call 2 131 "$fdisplay", v0x55f3ba582890_0, "Data Memory: 0x0C = %10d", &A<v0x55f3ba572050, 3> {0 0 0};
    %vpi_call 2 132 "$fdisplay", v0x55f3ba582890_0, "Data Memory: 0x10 = %10d", &A<v0x55f3ba572050, 4> {0 0 0};
    %vpi_call 2 133 "$fdisplay", v0x55f3ba582890_0, "Data Memory: 0x14 = %10d", &A<v0x55f3ba572050, 5> {0 0 0};
    %vpi_call 2 134 "$fdisplay", v0x55f3ba582890_0, "Data Memory: 0x18 = %10d", &A<v0x55f3ba572050, 6> {0 0 0};
    %vpi_call 2 135 "$fdisplay", v0x55f3ba582890_0, "Data Memory: 0x1C = %10d", &A<v0x55f3ba572050, 7> {0 0 0};
    %vpi_call 2 137 "$fdisplay", v0x55f3ba582890_0, "\012" {0 0 0};
    %load/vec4 v0x55f3ba5825e0_0;
    %addi 1, 0, 32;
    %store/vec4 v0x55f3ba5825e0_0, 0, 32;
    %jmp T_17;
    .thread T_17;
# The file index is used to find the file name in the following table.
:file_names 24;
    "N/A";
    "<interactive>";
    "testbench.v";
    "CPU.v";
    "ALU.v";
    "ALU_Control.v";
    "Adder.v";
    "AND.v";
    "Control.v";
    "Data_Memory.v";
    "Equal.v";
    "MUX32_4i.v";
    "Forwarding_Unit.v";
    "Hazard_Detection.v";
    "Instruction_Memory.v";
    "MUX32.v";
    "PC.v";
    "Register_EXMEM.v";
    "Register_IDEX.v";
    "Register_IFID.v";
    "Register_MEMWB.v";
    "Registers.v";
    "Shift_Left.v";
    "Sign_Extend.v";
